<?xml version="1.0" encoding="UTF-8"?>
<!-- Generated by org.testng.reporters.JUnitReportReporter -->
<testsuite hostname="Administrator" failures="0" tests="1" name="com.nopcommerce.testCases.NewTest" time="17.323" errors="0" timestamp="2023-02-02T20:14:13 IST" skipped="0">
  <testcase classname="com.nopcommerce.testCases.NewTest" name="f" time="17.323"/>
  <system-out/>
</testsuite> <!-- com.nopcommerce.testCases.NewTest -->
