<?xml version="1.0" encoding="UTF-8"?>
<!-- Generated by org.testng.reporters.JUnitReportReporter -->
<testsuite hostname="Administrator" failures="0" tests="2" name="com.nopcommerce.testCases.RegisterPageTest" time="0.048" errors="0" timestamp="2023-02-03T19:26:15 IST" skipped="0">
  <testcase classname="com.nopcommerce.testCases.RegisterPageTest" name="registerPageTitleTest" time="0.015"/>
  <system-out>
    <![CDATA[Register page title validated :nopCommerce demo store. Register]]>
  </system-out>
  <testcase classname="com.nopcommerce.testCases.RegisterPageTest" name="registerPageLogo" time="0.033"/>
  <system-out>
    <![CDATA[Register page logo validated :true]]>
  </system-out>
</testsuite> <!-- com.nopcommerce.testCases.RegisterPageTest -->
