<?xml version="1.0" encoding="UTF-8"?>
<!-- Generated by org.testng.reporters.JUnitReportReporter -->
<testsuite hostname="Administrator" failures="0" tests="2" name="com.nopcommerce.testCases.RegisterPageTest" time="14.718" errors="1" timestamp="2023-02-03T15:51:24 IST" skipped="0">
  <testcase classname="com.nopcommerce.testCases.RegisterPageTest" name="register" time="3.931"/>
  <system-out>
    <![CDATA[Gender entered :Male
First name entered :Zald
Last name entered :Shaikh
Date of birth Entered :22November1999
Email enteredadad@gmail.com
Password enteredadmin@123
Register button clicked]]>
  </system-out>
  <testcase classname="com.nopcommerce.testCases.RegisterPageTest" name="verifyRegistration" time="10.787">
    <error type="java.lang.StackOverflowError">
      <![CDATA[java.lang.StackOverflowError
at java.base/java.io.Writer.write(Writer.java:249)
at java.base/java.io.PrintStream.writeln(PrintStream.java:720)
at java.base/java.io.PrintStream.println(PrintStream.java:1028)
at com.nopcommerce.util.WebEventListner.onException(WebEventListner.java:124)
at jdk.internal.reflect.GeneratedMethodAccessor5.invoke(Unknown Source)
at java.base/jdk.internal.reflect.DelegatingMethodAccessorImpl.invoke(DelegatingMethodAccessorImpl.java:43)
at java.base/java.lang.reflect.Method.invoke(Method.java:568)
at org.openqa.selenium.support.events.EventFiringWebDriver.lambda$new$0(EventFiringWebDriver.java:85)
at jdk.proxy2/jdk.proxy2.$Proxy13.onException(Unknown Source)
at org.openqa.selenium.support.events.EventFiringWebDriver.lambda$new$1(EventFiringWebDriver.java:108)
at jdk.proxy2/jdk.proxy2.$Proxy14.getScreenshotAs(Unknown Source)
at org.openqa.selenium.support.events.EventFiringWebDriver.getScreenshotAs(EventFiringWebDriver.java:303)
at com.nopcommerce.util.Utility.takeScreenshot(Utility.java:23)
at com.nopcommerce.util.WebEventListner.onException(WebEventListner.java:125)
at jdk.internal.reflect.GeneratedMethodAccessor5.invoke(Unknown Source)
at java.base/jdk.internal.reflect.DelegatingMethodAccessorImpl.invoke(DelegatingMethodAccessorImpl.java:43)
at java.base/java.lang.reflect.Method.invoke(Method.java:568)
at org.openqa.selenium.support.events.EventFiringWebDriver.lambda$new$0(EventFiringWebDriver.java:85)
at jdk.proxy2/jdk.proxy2.$Proxy13.onException(Unknown Source)
at org.openqa.selenium.support.events.EventFiringWebDriver.lambda$new$1(EventFiringWebDriver.java:108)
at jdk.proxy2/jdk.proxy2.$Proxy14.getScreenshotAs(Unknown Source)
at org.openqa.selenium.support.events.EventFiringWebDriver.getScreenshotAs(EventFiringWebDriver.java:303)
at com.nopcommerce.util.Utility.takeScreenshot(Utility.java:23)
at com.nopcommerce.util.WebEventListner.onException(WebEventListner.java:125)
at jdk.internal.reflect.GeneratedMethodAccessor5.invoke(Unknown Source)
at java.base/jdk.internal.reflect.DelegatingMethodAccessorImpl.invoke(DelegatingMethodAccessorImpl.java:43)
at java.base/java.lang.reflect.Method.invoke(Method.java:568)
at org.openqa.selenium.support.events.EventFiringWebDriver.lambda$new$0(EventFiringWebDriver.java:85)
at jdk.proxy2/jdk.proxy2.$Proxy13.onException(Unknown Source)
at org.openqa.selenium.support.events.EventFiringWebDriver.lambda$new$1(EventFiringWebDriver.java:108)
at jdk.proxy2/jdk.proxy2.$Proxy14.getScreenshotAs(Unknown Source)
at org.openqa.selenium.support.events.EventFiringWebDriver.getScreenshotAs(EventFiringWebDriver.java:303)
at com.nopcommerce.util.Utility.takeScreenshot(Utility.java:23)
at com.nopcommerce.util.WebEventListner.onException(WebEventListner.java:125)
at jdk.internal.reflect.GeneratedMethodAccessor5.invoke(Unknown Source)
at java.base/jdk.internal.reflect.DelegatingMethodAccessorImpl.invoke(DelegatingMethodAccessorImpl.java:43)
at java.base/java.lang.reflect.Method.invoke(Method.java:568)
at org.openqa.selenium.support.events.EventFiringWebDriver.lambda$new$0(EventFiringWebDriver.java:85)
at jdk.proxy2/jdk.proxy2.$Proxy13.onException(Unknown Source)
at org.openqa.selenium.support.events.EventFiringWebDriver.lambda$new$1(EventFiringWebDriver.java:108)
at jdk.proxy2/jdk.proxy2.$Proxy14.getScreenshotAs(Unknown Source)
at org.openqa.selenium.support.events.EventFiringWebDriver.getScreenshotAs(EventFiringWebDriver.java:303)
at com.nopcommerce.util.Utility.takeScreenshot(Utility.java:23)
at com.nopcommerce.util.WebEventListner.onException(WebEventListner.java:125)
at jdk.internal.reflect.GeneratedMethodAccessor5.invoke(Unknown Source)
at java.base/jdk.internal.reflect.DelegatingMethodAccessorImpl.invoke(DelegatingMethodAccessorImpl.java:43)
at java.base/java.lang.reflect.Method.invoke(Method.java:568)
at org.openqa.selenium.support.events.EventFiringWebDriver.lambda$new$0(EventFiringWebDriver.java:85)
at jdk.proxy2/jdk.proxy2.$Proxy13.onException(Unknown Source)
at org.openqa.selenium.support.events.EventFiringWebDriver.lambda$new$1(EventFiringWebDriver.java:108)
at jdk.proxy2/jdk.proxy2.$Proxy14.getScreenshotAs(Unknown Source)
at org.openqa.selenium.support.events.EventFiringWebDriver.getScreenshotAs(EventFiringWebDriver.java:303)
at com.nopcommerce.util.Utility.takeScreenshot(Utility.java:23)
at com.nopcommerce.util.WebEventListner.onException(WebEventListner.java:125)
at jdk.internal.reflect.GeneratedMethodAccessor5.invoke(Unknown Source)
at java.base/jdk.internal.reflect.DelegatingMethodAccessorImpl.invoke(DelegatingMethodAccessorImpl.java:43)
at java.base/java.lang.reflect.Method.invoke(Method.java:568)
at org.openqa.selenium.support.events.EventFiringWebDriver.lambda$new$0(EventFiringWebDriver.java:85)
at jdk.proxy2/jdk.proxy2.$Proxy13.onException(Unknown Source)
at org.openqa.selenium.support.events.EventFiringWebDriver.lambda$new$1(EventFiringWebDriver.java:108)
at jdk.proxy2/jdk.proxy2.$Proxy14.getScreenshotAs(Unknown Source)
at org.openqa.selenium.support.events.EventFiringWebDriver.getScreenshotAs(EventFiringWebDriver.java:303)
at com.nopcommerce.util.Utility.takeScreenshot(Utility.java:23)
at com.nopcommerce.util.WebEventListner.onException(WebEventListner.java:125)
at jdk.internal.reflect.GeneratedMethodAccessor5.invoke(Unknown Source)
at java.base/jdk.internal.reflect.DelegatingMethodAccessorImpl.invoke(DelegatingMethodAccessorImpl.java:43)
at java.base/java.lang.reflect.Method.invoke(Method.java:568)
at org.openqa.selenium.support.events.EventFiringWebDriver.lambda$new$0(EventFiringWebDriver.java:85)
at jdk.proxy2/jdk.proxy2.$Proxy13.onException(Unknown Source)
at org.openqa.selenium.support.events.EventFiringWebDriver.lambda$new$1(EventFiringWebDriver.java:108)
at jdk.proxy2/jdk.proxy2.$Proxy14.getScreenshotAs(Unknown Source)
at org.openqa.selenium.support.events.EventFiringWebDriver.getScreenshotAs(EventFiringWebDriver.java:303)
at com.nopcommerce.util.Utility.takeScreenshot(Utility.java:23)
at com.nopcommerce.util.WebEventListner.onException(WebEventListner.java:125)
at jdk.internal.reflect.GeneratedMethodAccessor5.invoke(Unknown Source)
at java.base/jdk.internal.reflect.DelegatingMethodAccessorImpl.invoke(DelegatingMethodAccessorImpl.java:43)
at java.base/java.lang.reflect.Method.invoke(Method.java:568)
at org.openqa.selenium.support.events.EventFiringWebDriver.lambda$new$0(EventFiringWebDriver.java:85)
at jdk.proxy2/jdk.proxy2.$Proxy13.onException(Unknown Source)
at org.openqa.selenium.support.events.EventFiringWebDriver.lambda$new$1(EventFiringWebDriver.java:108)
at jdk.proxy2/jdk.proxy2.$Proxy14.getScreenshotAs(Unknown Source)
at org.openqa.selenium.support.events.EventFiringWebDriver.getScreenshotAs(EventFiringWebDriver.java:303)
at com.nopcommerce.util.Utility.takeScreenshot(Utility.java:23)
at com.nopcommerce.util.WebEventListner.onException(WebEventListner.java:125)
at jdk.internal.reflect.GeneratedMethodAccessor5.invoke(Unknown Source)
at java.base/jdk.internal.reflect.DelegatingMethodAccessorImpl.invoke(DelegatingMethodAccessorImpl.java:43)
at java.base/java.lang.reflect.Method.invoke(Method.java:568)
at org.openqa.selenium.support.events.EventFiringWebDriver.lambda$new$0(EventFiringWebDriver.java:85)
at jdk.proxy2/jdk.proxy2.$Proxy13.onException(Unknown Source)
at org.openqa.selenium.support.events.EventFiringWebDriver.lambda$new$1(EventFiringWebDriver.java:108)
at jdk.proxy2/jdk.proxy2.$Proxy14.getScreenshotAs(Unknown Source)
at org.openqa.selenium.support.events.EventFiringWebDriver.getScreenshotAs(EventFiringWebDriver.java:303)
at com.nopcommerce.util.Utility.takeScreenshot(Utility.java:23)
at com.nopcommerce.util.WebEventListner.onException(WebEventListner.java:125)
at jdk.internal.reflect.GeneratedMethodAccessor5.invoke(Unknown Source)
at java.base/jdk.internal.reflect.DelegatingMethodAccessorImpl.invoke(DelegatingMethodAccessorImpl.java:43)
at java.base/java.lang.reflect.Method.invoke(Method.java:568)
at org.openqa.selenium.support.events.EventFiringWebDriver.lambda$new$0(EventFiringWebDriver.java:85)
at jdk.proxy2/jdk.proxy2.$Proxy13.onException(Unknown Source)
at org.openqa.selenium.support.events.EventFiringWebDriver.lambda$new$1(EventFiringWebDriver.java:108)
at jdk.proxy2/jdk.proxy2.$Proxy14.getScreenshotAs(Unknown Source)
at org.openqa.selenium.support.events.EventFiringWebDriver.getScreenshotAs(EventFiringWebDriver.java:303)
at com.nopcommerce.util.Utility.takeScreenshot(Utility.java:23)
at com.nopcommerce.util.WebEventListner.onException(WebEventListner.java:125)
at jdk.internal.reflect.GeneratedMethodAccessor5.invoke(Unknown Source)
at java.base/jdk.internal.reflect.DelegatingMethodAccessorImpl.invoke(DelegatingMethodAccessorImpl.java:43)
at java.base/java.lang.reflect.Method.invoke(Method.java:568)
at org.openqa.selenium.support.events.EventFiringWebDriver.lambda$new$0(EventFiringWebDriver.java:85)
at jdk.proxy2/jdk.proxy2.$Proxy13.onException(Unknown Source)
at org.openqa.selenium.support.events.EventFiringWebDriver.lambda$new$1(EventFiringWebDriver.java:108)
at jdk.proxy2/jdk.proxy2.$Proxy14.getScreenshotAs(Unknown Source)
at org.openqa.selenium.support.events.EventFiringWebDriver.getScreenshotAs(EventFiringWebDriver.java:303)
at com.nopcommerce.util.Utility.takeScreenshot(Utility.java:23)
at com.nopcommerce.util.WebEventListner.onException(WebEventListner.java:125)
at jdk.internal.reflect.GeneratedMethodAccessor5.invoke(Unknown Source)
at java.base/jdk.internal.reflect.DelegatingMethodAccessorImpl.invoke(DelegatingMethodAccessorImpl.java:43)
at java.base/java.lang.reflect.Method.invoke(Method.java:568)
at org.openqa.selenium.support.events.EventFiringWebDriver.lambda$new$0(EventFiringWebDriver.java:85)
at jdk.proxy2/jdk.proxy2.$Proxy13.onException(Unknown Source)
at org.openqa.selenium.support.events.EventFiringWebDriver.lambda$new$1(EventFiringWebDriver.java:108)
at jdk.proxy2/jdk.proxy2.$Proxy14.getScreenshotAs(Unknown Source)
at org.openqa.selenium.support.events.EventFiringWebDriver.getScreenshotAs(EventFiringWebDriver.java:303)
at com.nopcommerce.util.Utility.takeScreenshot(Utility.java:23)
at com.nopcommerce.util.WebEventListner.onException(WebEventListner.java:125)
at jdk.internal.reflect.GeneratedMethodAccessor5.invoke(Unknown Source)
at java.base/jdk.internal.reflect.DelegatingMethodAccessorImpl.invoke(DelegatingMethodAccessorImpl.java:43)
at java.base/java.lang.reflect.Method.invoke(Method.java:568)
at org.openqa.selenium.support.events.EventFiringWebDriver.lambda$new$0(EventFiringWebDriver.java:85)
at jdk.proxy2/jdk.proxy2.$Proxy13.onException(Unknown Source)
at org.openqa.selenium.support.events.EventFiringWebDriver.lambda$new$1(EventFiringWebDriver.java:108)
at jdk.proxy2/jdk.proxy2.$Proxy14.getScreenshotAs(Unknown Source)
at org.openqa.selenium.support.events.EventFiringWebDriver.getScreenshotAs(EventFiringWebDriver.java:303)
at com.nopcommerce.util.Utility.takeScreenshot(Utility.java:23)
at com.nopcommerce.util.WebEventListner.onException(WebEventListner.java:125)
at jdk.internal.reflect.GeneratedMethodAccessor5.invoke(Unknown Source)
at java.base/jdk.internal.reflect.DelegatingMethodAccessorImpl.invoke(DelegatingMethodAccessorImpl.java:43)
at java.base/java.lang.reflect.Method.invoke(Method.java:568)
at org.openqa.selenium.support.events.EventFiringWebDriver.lambda$new$0(EventFiringWebDriver.java:85)
at jdk.proxy2/jdk.proxy2.$Proxy13.onException(Unknown Source)
at org.openqa.selenium.support.events.EventFiringWebDriver.lambda$new$1(EventFiringWebDriver.java:108)
at jdk.proxy2/jdk.proxy2.$Proxy14.getScreenshotAs(Unknown Source)
at org.openqa.selenium.support.events.EventFiringWebDriver.getScreenshotAs(EventFiringWebDriver.java:303)
at com.nopcommerce.util.Utility.takeScreenshot(Utility.java:23)
at com.nopcommerce.util.WebEventListner.onException(WebEventListner.java:125)
at jdk.internal.reflect.GeneratedMethodAccessor5.invoke(Unknown Source)
at java.base/jdk.internal.reflect.DelegatingMethodAccessorImpl.invoke(DelegatingMethodAccessorImpl.java:43)
at java.base/java.lang.reflect.Method.invoke(Method.java:568)
at org.openqa.selenium.support.events.EventFiringWebDriver.lambda$new$0(EventFiringWebDriver.java:85)
at jdk.proxy2/jdk.proxy2.$Proxy13.onException(Unknown Source)
at org.openqa.selenium.support.events.EventFiringWebDriver.lambda$new$1(EventFiringWebDriver.java:108)
at jdk.proxy2/jdk.proxy2.$Proxy14.getScreenshotAs(Unknown Source)
at org.openqa.selenium.support.events.EventFiringWebDriver.getScreenshotAs(EventFiringWebDriver.java:303)
at com.nopcommerce.util.Utility.takeScreenshot(Utility.java:23)
at com.nopcommerce.util.WebEventListner.onException(WebEventListner.java:125)
at jdk.internal.reflect.GeneratedMethodAccessor5.invoke(Unknown Source)
at java.base/jdk.internal.reflect.DelegatingMethodAccessorImpl.invoke(DelegatingMethodAccessorImpl.java:43)
at java.base/java.lang.reflect.Method.invoke(Method.java:568)
at org.openqa.selenium.support.events.EventFiringWebDriver.lambda$new$0(EventFiringWebDriver.java:85)
at jdk.proxy2/jdk.proxy2.$Proxy13.onException(Unknown Source)
at org.openqa.selenium.support.events.EventFiringWebDriver.lambda$new$1(EventFiringWebDriver.java:108)
at jdk.proxy2/jdk.proxy2.$Proxy14.getScreenshotAs(Unknown Source)
at org.openqa.selenium.support.events.EventFiringWebDriver.getScreenshotAs(EventFiringWebDriver.java:303)
at com.nopcommerce.util.Utility.takeScreenshot(Utility.java:23)
at com.nopcommerce.util.WebEventListner.onException(WebEventListner.java:125)
at jdk.internal.reflect.GeneratedMethodAccessor5.invoke(Unknown Source)
at java.base/jdk.internal.reflect.DelegatingMethodAccessorImpl.invoke(DelegatingMethodAccessorImpl.java:43)
at java.base/java.lang.reflect.Method.invoke(Method.java:568)
at org.openqa.selenium.support.events.EventFiringWebDriver.lambda$new$0(EventFiringWebDriver.java:85)
at jdk.proxy2/jdk.proxy2.$Proxy13.onException(Unknown Source)
at org.openqa.selenium.support.events.EventFiringWebDriver.lambda$new$1(EventFiringWebDriver.java:108)
at jdk.proxy2/jdk.proxy2.$Proxy14.getScreenshotAs(Unknown Source)
at org.openqa.selenium.support.events.EventFiringWebDriver.getScreenshotAs(EventFiringWebDriver.java:303)
at com.nopcommerce.util.Utility.takeScreenshot(Utility.java:23)
at com.nopcommerce.util.WebEventListner.onException(WebEventListner.java:125)
at jdk.internal.reflect.GeneratedMethodAccessor5.invoke(Unknown Source)
at java.base/jdk.internal.reflect.DelegatingMethodAccessorImpl.invoke(DelegatingMethodAccessorImpl.java:43)
at java.base/java.lang.reflect.Method.invoke(Method.java:568)
at org.openqa.selenium.support.events.EventFiringWebDriver.lambda$new$0(EventFiringWebDriver.java:85)
at jdk.proxy2/jdk.proxy2.$Proxy13.onException(Unknown Source)
at org.openqa.selenium.support.events.EventFiringWebDriver.lambda$new$1(EventFiringWebDriver.java:108)
at jdk.proxy2/jdk.proxy2.$Proxy14.getScreenshotAs(Unknown Source)
at org.openqa.selenium.support.events.EventFiringWebDriver.getScreenshotAs(EventFiringWebDriver.java:303)
at com.nopcommerce.util.Utility.takeScreenshot(Utility.java:23)
at com.nopcommerce.util.WebEventListner.onException(WebEventListner.java:125)
at jdk.internal.reflect.GeneratedMethodAccessor5.invoke(Unknown Source)
at java.base/jdk.internal.reflect.DelegatingMethodAccessorImpl.invoke(DelegatingMethodAccessorImpl.java:43)
at java.base/java.lang.reflect.Method.invoke(Method.java:568)
at org.openqa.selenium.support.events.EventFiringWebDriver.lambda$new$0(EventFiringWebDriver.java:85)
at jdk.proxy2/jdk.proxy2.$Proxy13.onException(Unknown Source)
at org.openqa.selenium.support.events.EventFiringWebDriver.lambda$new$1(EventFiringWebDriver.java:108)
at jdk.proxy2/jdk.proxy2.$Proxy14.getScreenshotAs(Unknown Source)
at org.openqa.selenium.support.events.EventFiringWebDriver.getScreenshotAs(EventFiringWebDriver.java:303)
at com.nopcommerce.util.Utility.takeScreenshot(Utility.java:23)
at com.nopcommerce.util.WebEventListner.onException(WebEventListner.java:125)
at jdk.internal.reflect.GeneratedMethodAccessor5.invoke(Unknown Source)
at java.base/jdk.internal.reflect.DelegatingMethodAccessorImpl.invoke(DelegatingMethodAccessorImpl.java:43)
at java.base/java.lang.reflect.Method.invoke(Method.java:568)
at org.openqa.selenium.support.events.EventFiringWebDriver.lambda$new$0(EventFiringWebDriver.java:85)
at jdk.proxy2/jdk.proxy2.$Proxy13.onException(Unknown Source)
at org.openqa.selenium.support.events.EventFiringWebDriver.lambda$new$1(EventFiringWebDriver.java:108)
at jdk.proxy2/jdk.proxy2.$Proxy14.getScreenshotAs(Unknown Source)
at org.openqa.selenium.support.events.EventFiringWebDriver.getScreenshotAs(EventFiringWebDriver.java:303)
at com.nopcommerce.util.Utility.takeScreenshot(Utility.java:23)
at com.nopcommerce.util.WebEventListner.onException(WebEventListner.java:125)
at jdk.internal.reflect.GeneratedMethodAccessor5.invoke(Unknown Source)
at java.base/jdk.internal.reflect.DelegatingMethodAccessorImpl.invoke(DelegatingMethodAccessorImpl.java:43)
at java.base/java.lang.reflect.Method.invoke(Method.java:568)
at org.openqa.selenium.support.events.EventFiringWebDriver.lambda$new$0(EventFiringWebDriver.java:85)
at jdk.proxy2/jdk.proxy2.$Proxy13.onException(Unknown Source)
at org.openqa.selenium.support.events.EventFiringWebDriver.lambda$new$1(EventFiringWebDriver.java:108)
at jdk.proxy2/jdk.proxy2.$Proxy14.getScreenshotAs(Unknown Source)
at org.openqa.selenium.support.events.EventFiringWebDriver.getScreenshotAs(EventFiringWebDriver.java:303)
at com.nopcommerce.util.Utility.takeScreenshot(Utility.java:23)
at com.nopcommerce.util.WebEventListner.onException(WebEventListner.java:125)
at jdk.internal.reflect.GeneratedMethodAccessor5.invoke(Unknown Source)
at java.base/jdk.internal.reflect.DelegatingMethodAccessorImpl.invoke(DelegatingMethodAccessorImpl.java:43)
at java.base/java.lang.reflect.Method.invoke(Method.java:568)
at org.openqa.selenium.support.events.EventFiringWebDriver.lambda$new$0(EventFiringWebDriver.java:85)
at jdk.proxy2/jdk.proxy2.$Proxy13.onException(Unknown Source)
at org.openqa.selenium.support.events.EventFiringWebDriver.lambda$new$1(EventFiringWebDriver.java:108)
at jdk.proxy2/jdk.proxy2.$Proxy14.getScreenshotAs(Unknown Source)
at org.openqa.selenium.support.events.EventFiringWebDriver.getScreenshotAs(EventFiringWebDriver.java:303)
at com.nopcommerce.util.Utility.takeScreenshot(Utility.java:23)
at com.nopcommerce.util.WebEventListner.onException(WebEventListner.java:125)
at jdk.internal.reflect.GeneratedMethodAccessor5.invoke(Unknown Source)
at java.base/jdk.internal.reflect.DelegatingMethodAccessorImpl.invoke(DelegatingMethodAccessorImpl.java:43)
at java.base/java.lang.reflect.Method.invoke(Method.java:568)
at org.openqa.selenium.support.events.EventFiringWebDriver.lambda$new$0(EventFiringWebDriver.java:85)
at jdk.proxy2/jdk.proxy2.$Proxy13.onException(Unknown Source)
at org.openqa.selenium.support.events.EventFiringWebDriver.lambda$new$1(EventFiringWebDriver.java:108)
at jdk.proxy2/jdk.proxy2.$Proxy14.getScreenshotAs(Unknown Source)
at org.openqa.selenium.support.events.EventFiringWebDriver.getScreenshotAs(EventFiringWebDriver.java:303)
at com.nopcommerce.util.Utility.takeScreenshot(Utility.java:23)
at com.nopcommerce.util.WebEventListner.onException(WebEventListner.java:125)
at jdk.internal.reflect.GeneratedMethodAccessor5.invoke(Unknown Source)
at java.base/jdk.internal.reflect.DelegatingMethodAccessorImpl.invoke(DelegatingMethodAccessorImpl.java:43)
at java.base/java.lang.reflect.Method.invoke(Method.java:568)
at org.openqa.selenium.support.events.EventFiringWebDriver.lambda$new$0(EventFiringWebDriver.java:85)
at jdk.proxy2/jdk.proxy2.$Proxy13.onException(Unknown Source)
at org.openqa.selenium.support.events.EventFiringWebDriver.lambda$new$1(EventFiringWebDriver.java:108)
at jdk.proxy2/jdk.proxy2.$Proxy14.getScreenshotAs(Unknown Source)
at org.openqa.selenium.support.events.EventFiringWebDriver.getScreenshotAs(EventFiringWebDriver.java:303)
at com.nopcommerce.util.Utility.takeScreenshot(Utility.java:23)
at com.nopcommerce.util.WebEventListner.onException(WebEventListner.java:125)
at jdk.internal.reflect.GeneratedMethodAccessor5.invoke(Unknown Source)
at java.base/jdk.internal.reflect.DelegatingMethodAccessorImpl.invoke(DelegatingMethodAccessorImpl.java:43)
at java.base/java.lang.reflect.Method.invoke(Method.java:568)
at org.openqa.selenium.support.events.EventFiringWebDriver.lambda$new$0(EventFiringWebDriver.java:85)
at jdk.proxy2/jdk.proxy2.$Proxy13.onException(Unknown Source)
at org.openqa.selenium.support.events.EventFiringWebDriver.lambda$new$1(EventFiringWebDriver.java:108)
at jdk.proxy2/jdk.proxy2.$Proxy14.getScreenshotAs(Unknown Source)
at org.openqa.selenium.support.events.EventFiringWebDriver.getScreenshotAs(EventFiringWebDriver.java:303)
at com.nopcommerce.util.Utility.takeScreenshot(Utility.java:23)
at com.nopcommerce.util.WebEventListner.onException(WebEventListner.java:125)
at jdk.internal.reflect.GeneratedMethodAccessor5.invoke(Unknown Source)
at java.base/jdk.internal.reflect.DelegatingMethodAccessorImpl.invoke(DelegatingMethodAccessorImpl.java:43)
at java.base/java.lang.reflect.Method.invoke(Method.java:568)
at org.openqa.selenium.support.events.EventFiringWebDriver.lambda$new$0(EventFiringWebDriver.java:85)
at jdk.proxy2/jdk.proxy2.$Proxy13.onException(Unknown Source)
at org.openqa.selenium.support.events.EventFiringWebDriver.lambda$new$1(EventFiringWebDriver.java:108)
at jdk.proxy2/jdk.proxy2.$Proxy14.getScreenshotAs(Unknown Source)
at org.openqa.selenium.support.events.EventFiringWebDriver.getScreenshotAs(EventFiringWebDriver.java:303)
at com.nopcommerce.util.Utility.takeScreenshot(Utility.java:23)
at com.nopcommerce.util.WebEventListner.onException(WebEventListner.java:125)
at jdk.internal.reflect.GeneratedMethodAccessor5.invoke(Unknown Source)
at java.base/jdk.internal.reflect.DelegatingMethodAccessorImpl.invoke(DelegatingMethodAccessorImpl.java:43)
at java.base/java.lang.reflect.Method.invoke(Method.java:568)
at org.openqa.selenium.support.events.EventFiringWebDriver.lambda$new$0(EventFiringWebDriver.java:85)
at jdk.proxy2/jdk.proxy2.$Proxy13.onException(Unknown Source)
at org.openqa.selenium.support.events.EventFiringWebDriver.lambda$new$1(EventFiringWebDriver.java:108)
at jdk.proxy2/jdk.proxy2.$Proxy14.getScreenshotAs(Unknown Source)
at org.openqa.selenium.support.events.EventFiringWebDriver.getScreenshotAs(EventFiringWebDriver.java:303)
at com.nopcommerce.util.Utility.takeScreenshot(Utility.java:23)
at com.nopcommerce.util.WebEventListner.onException(WebEventListner.java:125)
at jdk.internal.reflect.GeneratedMethodAccessor5.invoke(Unknown Source)
at java.base/jdk.internal.reflect.DelegatingMethodAccessorImpl.invoke(DelegatingMethodAccessorImpl.java:43)
at java.base/java.lang.reflect.Method.invoke(Method.java:568)
at org.openqa.selenium.support.events.EventFiringWebDriver.lambda$new$0(EventFiringWebDriver.java:85)
at jdk.proxy2/jdk.proxy2.$Proxy13.onException(Unknown Source)
at org.openqa.selenium.support.events.EventFiringWebDriver.lambda$new$1(EventFiringWebDriver.java:108)
at jdk.proxy2/jdk.proxy2.$Proxy14.getScreenshotAs(Unknown Source)
at org.openqa.selenium.support.events.EventFiringWebDriver.getScreenshotAs(EventFiringWebDriver.java:303)
at com.nopcommerce.util.Utility.takeScreenshot(Utility.java:23)
at com.nopcommerce.util.WebEventListner.onException(WebEventListner.java:125)
at jdk.internal.reflect.GeneratedMethodAccessor5.invoke(Unknown Source)
at java.base/jdk.internal.reflect.DelegatingMethodAccessorImpl.invoke(DelegatingMethodAccessorImpl.java:43)
at java.base/java.lang.reflect.Method.invoke(Method.java:568)
at org.openqa.selenium.support.events.EventFiringWebDriver.lambda$new$0(EventFiringWebDriver.java:85)
at jdk.proxy2/jdk.proxy2.$Proxy13.onException(Unknown Source)
at org.openqa.selenium.support.events.EventFiringWebDriver.lambda$new$1(EventFiringWebDriver.java:108)
at jdk.proxy2/jdk.proxy2.$Proxy14.getScreenshotAs(Unknown Source)
at org.openqa.selenium.support.events.EventFiringWebDriver.getScreenshotAs(EventFiringWebDriver.java:303)
at com.nopcommerce.util.Utility.takeScreenshot(Utility.java:23)
at com.nopcommerce.util.WebEventListner.onException(WebEventListner.java:125)
at jdk.internal.reflect.GeneratedMethodAccessor5.invoke(Unknown Source)
at java.base/jdk.internal.reflect.DelegatingMethodAccessorImpl.invoke(DelegatingMethodAccessorImpl.java:43)
at java.base/java.lang.reflect.Method.invoke(Method.java:568)
at org.openqa.selenium.support.events.EventFiringWebDriver.lambda$new$0(EventFiringWebDriver.java:85)
at jdk.proxy2/jdk.proxy2.$Proxy13.onException(Unknown Source)
at org.openqa.selenium.support.events.EventFiringWebDriver.lambda$new$1(EventFiringWebDriver.java:108)
at jdk.proxy2/jdk.proxy2.$Proxy14.getScreenshotAs(Unknown Source)
at org.openqa.selenium.support.events.EventFiringWebDriver.getScreenshotAs(EventFiringWebDriver.java:303)
at com.nopcommerce.util.Utility.takeScreenshot(Utility.java:23)
at com.nopcommerce.util.WebEventListner.onException(WebEventListner.java:125)
at jdk.internal.reflect.GeneratedMethodAccessor5.invoke(Unknown Source)
at java.base/jdk.internal.reflect.DelegatingMethodAccessorImpl.invoke(DelegatingMethodAccessorImpl.java:43)
at java.base/java.lang.reflect.Method.invoke(Method.java:568)
at org.openqa.selenium.support.events.EventFiringWebDriver.lambda$new$0(EventFiringWebDriver.java:85)
at jdk.proxy2/jdk.proxy2.$Proxy13.onException(Unknown Source)
at org.openqa.selenium.support.events.EventFiringWebDriver.lambda$new$1(EventFiringWebDriver.java:108)
at jdk.proxy2/jdk.proxy2.$Proxy14.getScreenshotAs(Unknown Source)
at org.openqa.selenium.support.events.EventFiringWebDriver.getScreenshotAs(EventFiringWebDriver.java:303)
at com.nopcommerce.util.Utility.takeScreenshot(Utility.java:23)
at com.nopcommerce.util.WebEventListner.onException(WebEventListner.java:125)
at jdk.internal.reflect.GeneratedMethodAccessor5.invoke(Unknown Source)
at java.base/jdk.internal.reflect.DelegatingMethodAccessorImpl.invoke(DelegatingMethodAccessorImpl.java:43)
at java.base/java.lang.reflect.Method.invoke(Method.java:568)
at org.openqa.selenium.support.events.EventFiringWebDriver.lambda$new$0(EventFiringWebDriver.java:85)
at jdk.proxy2/jdk.proxy2.$Proxy13.onException(Unknown Source)
at org.openqa.selenium.support.events.EventFiringWebDriver.lambda$new$1(EventFiringWebDriver.java:108)
at jdk.proxy2/jdk.proxy2.$Proxy14.getScreenshotAs(Unknown Source)
at org.openqa.selenium.support.events.EventFiringWebDriver.getScreenshotAs(EventFiringWebDriver.java:303)
at com.nopcommerce.util.Utility.takeScreenshot(Utility.java:23)
at com.nopcommerce.util.WebEventListner.onException(WebEventListner.java:125)
at jdk.internal.reflect.GeneratedMethodAccessor5.invoke(Unknown Source)
at java.base/jdk.internal.reflect.DelegatingMethodAccessorImpl.invoke(DelegatingMethodAccessorImpl.java:43)
at java.base/java.lang.reflect.Method.invoke(Method.java:568)
at org.openqa.selenium.support.events.EventFiringWebDriver.lambda$new$0(EventFiringWebDriver.java:85)
at jdk.proxy2/jdk.proxy2.$Proxy13.onException(Unknown Source)
at org.openqa.selenium.support.events.EventFiringWebDriver.lambda$new$1(EventFiringWebDriver.java:108)
at jdk.proxy2/jdk.proxy2.$Proxy14.getScreenshotAs(Unknown Source)
at org.openqa.selenium.support.events.EventFiringWebDriver.getScreenshotAs(EventFiringWebDriver.java:303)
at com.nopcommerce.util.Utility.takeScreenshot(Utility.java:23)
at com.nopcommerce.util.WebEventListner.onException(WebEventListner.java:125)
at jdk.internal.reflect.GeneratedMethodAccessor5.invoke(Unknown Source)
at java.base/jdk.internal.reflect.DelegatingMethodAccessorImpl.invoke(DelegatingMethodAccessorImpl.java:43)
at java.base/java.lang.reflect.Method.invoke(Method.java:568)
at org.openqa.selenium.support.events.EventFiringWebDriver.lambda$new$0(EventFiringWebDriver.java:85)
at jdk.proxy2/jdk.proxy2.$Proxy13.onException(Unknown Source)
at org.openqa.selenium.support.events.EventFiringWebDriver.lambda$new$1(EventFiringWebDriver.java:108)
at jdk.proxy2/jdk.proxy2.$Proxy14.getScreenshotAs(Unknown Source)
at org.openqa.selenium.support.events.EventFiringWebDriver.getScreenshotAs(EventFiringWebDriver.java:303)
at com.nopcommerce.util.Utility.takeScreenshot(Utility.java:23)
at com.nopcommerce.util.WebEventListner.onException(WebEventListner.java:125)
at jdk.internal.reflect.GeneratedMethodAccessor5.invoke(Unknown Source)
at java.base/jdk.internal.reflect.DelegatingMethodAccessorImpl.invoke(DelegatingMethodAccessorImpl.java:43)
at java.base/java.lang.reflect.Method.invoke(Method.java:568)
at org.openqa.selenium.support.events.EventFiringWebDriver.lambda$new$0(EventFiringWebDriver.java:85)
at jdk.proxy2/jdk.proxy2.$Proxy13.onException(Unknown Source)
at org.openqa.selenium.support.events.EventFiringWebDriver.lambda$new$1(EventFiringWebDriver.java:108)
at jdk.proxy2/jdk.proxy2.$Proxy14.getScreenshotAs(Unknown Source)
at org.openqa.selenium.support.events.EventFiringWebDriver.getScreenshotAs(EventFiringWebDriver.java:303)
at com.nopcommerce.util.Utility.takeScreenshot(Utility.java:23)
at com.nopcommerce.util.WebEventListner.onException(WebEventListner.java:125)
at jdk.internal.reflect.GeneratedMethodAccessor5.invoke(Unknown Source)
at java.base/jdk.internal.reflect.DelegatingMethodAccessorImpl.invoke(DelegatingMethodAccessorImpl.java:43)
at java.base/java.lang.reflect.Method.invoke(Method.java:568)
at org.openqa.selenium.support.events.EventFiringWebDriver.lambda$new$0(EventFiringWebDriver.java:85)
at jdk.proxy2/jdk.proxy2.$Proxy13.onException(Unknown Source)
at org.openqa.selenium.support.events.EventFiringWebDriver.lambda$new$1(EventFiringWebDriver.java:108)
at jdk.proxy2/jdk.proxy2.$Proxy14.getScreenshotAs(Unknown Source)
at org.openqa.selenium.support.events.EventFiringWebDriver.getScreenshotAs(EventFiringWebDriver.java:303)
at com.nopcommerce.util.Utility.takeScreenshot(Utility.java:23)
at com.nopcommerce.util.WebEventListner.onException(WebEventListner.java:125)
at jdk.internal.reflect.GeneratedMethodAccessor5.invoke(Unknown Source)
at java.base/jdk.internal.reflect.DelegatingMethodAccessorImpl.invoke(DelegatingMethodAccessorImpl.java:43)
at java.base/java.lang.reflect.Method.invoke(Method.java:568)
at org.openqa.selenium.support.events.EventFiringWebDriver.lambda$new$0(EventFiringWebDriver.java:85)
at jdk.proxy2/jdk.proxy2.$Proxy13.onException(Unknown Source)
at org.openqa.selenium.support.events.EventFiringWebDriver.lambda$new$1(EventFiringWebDriver.java:108)
at jdk.proxy2/jdk.proxy2.$Proxy14.getScreenshotAs(Unknown Source)
at org.openqa.selenium.support.events.EventFiringWebDriver.getScreenshotAs(EventFiringWebDriver.java:303)
at com.nopcommerce.util.Utility.takeScreenshot(Utility.java:23)
at com.nopcommerce.util.WebEventListner.onException(WebEventListner.java:125)
at jdk.internal.reflect.GeneratedMethodAccessor5.invoke(Unknown Source)
at java.base/jdk.internal.reflect.DelegatingMethodAccessorImpl.invoke(DelegatingMethodAccessorImpl.java:43)
at java.base/java.lang.reflect.Method.invoke(Method.java:568)
at org.openqa.selenium.support.events.EventFiringWebDriver.lambda$new$0(EventFiringWebDriver.java:85)
at jdk.proxy2/jdk.proxy2.$Proxy13.onException(Unknown Source)
at org.openqa.selenium.support.events.EventFiringWebDriver.lambda$new$1(EventFiringWebDriver.java:108)
at jdk.proxy2/jdk.proxy2.$Proxy14.getScreenshotAs(Unknown Source)
at org.openqa.selenium.support.events.EventFiringWebDriver.getScreenshotAs(EventFiringWebDriver.java:303)
at com.nopcommerce.util.Utility.takeScreenshot(Utility.java:23)
at com.nopcommerce.util.WebEventListner.onException(WebEventListner.java:125)
at jdk.internal.reflect.GeneratedMethodAccessor5.invoke(Unknown Source)
at java.base/jdk.internal.reflect.DelegatingMethodAccessorImpl.invoke(DelegatingMethodAccessorImpl.java:43)
at java.base/java.lang.reflect.Method.invoke(Method.java:568)
at org.openqa.selenium.support.events.EventFiringWebDriver.lambda$new$0(EventFiringWebDriver.java:85)
at jdk.proxy2/jdk.proxy2.$Proxy13.onException(Unknown Source)
at org.openqa.selenium.support.events.EventFiringWebDriver.lambda$new$1(EventFiringWebDriver.java:108)
at jdk.proxy2/jdk.proxy2.$Proxy14.getScreenshotAs(Unknown Source)
at org.openqa.selenium.support.events.EventFiringWebDriver.getScreenshotAs(EventFiringWebDriver.java:303)
at com.nopcommerce.util.Utility.takeScreenshot(Utility.java:23)
at com.nopcommerce.util.WebEventListner.onException(WebEventListner.java:125)
at jdk.internal.reflect.GeneratedMethodAccessor5.invoke(Unknown Source)
at java.base/jdk.internal.reflect.DelegatingMethodAccessorImpl.invoke(DelegatingMethodAccessorImpl.java:43)
at java.base/java.lang.reflect.Method.invoke(Method.java:568)
at org.openqa.selenium.support.events.EventFiringWebDriver.lambda$new$0(EventFiringWebDriver.java:85)
at jdk.proxy2/jdk.proxy2.$Proxy13.onException(Unknown Source)
at org.openqa.selenium.support.events.EventFiringWebDriver.lambda$new$1(EventFiringWebDriver.java:108)
at jdk.proxy2/jdk.proxy2.$Proxy14.getScreenshotAs(Unknown Source)
at org.openqa.selenium.support.events.EventFiringWebDriver.getScreenshotAs(EventFiringWebDriver.java:303)
at com.nopcommerce.util.Utility.takeScreenshot(Utility.java:23)
at com.nopcommerce.util.WebEventListner.onException(WebEventListner.java:125)
at jdk.internal.reflect.GeneratedMethodAccessor5.invoke(Unknown Source)
at java.base/jdk.internal.reflect.DelegatingMethodAccessorImpl.invoke(DelegatingMethodAccessorImpl.java:43)
at java.base/java.lang.reflect.Method.invoke(Method.java:568)
at org.openqa.selenium.support.events.EventFiringWebDriver.lambda$new$0(EventFiringWebDriver.java:85)
at jdk.proxy2/jdk.proxy2.$Proxy13.onException(Unknown Source)
at org.openqa.selenium.support.events.EventFiringWebDriver.lambda$new$1(EventFiringWebDriver.java:108)
at jdk.proxy2/jdk.proxy2.$Proxy14.getScreenshotAs(Unknown Source)
at org.openqa.selenium.support.events.EventFiringWebDriver.getScreenshotAs(EventFiringWebDriver.java:303)
at com.nopcommerce.util.Utility.takeScreenshot(Utility.java:23)
at com.nopcommerce.util.WebEventListner.onException(WebEventListner.java:125)
at jdk.internal.reflect.GeneratedMethodAccessor5.invoke(Unknown Source)
at java.base/jdk.internal.reflect.DelegatingMethodAccessorImpl.invoke(DelegatingMethodAccessorImpl.java:43)
at java.base/java.lang.reflect.Method.invoke(Method.java:568)
at org.openqa.selenium.support.events.EventFiringWebDriver.lambda$new$0(EventFiringWebDriver.java:85)
at jdk.proxy2/jdk.proxy2.$Proxy13.onException(Unknown Source)
at org.openqa.selenium.support.events.EventFiringWebDriver.lambda$new$1(EventFiringWebDriver.java:108)
at jdk.proxy2/jdk.proxy2.$Proxy14.getScreenshotAs(Unknown Source)
at org.openqa.selenium.support.events.EventFiringWebDriver.getScreenshotAs(EventFiringWebDriver.java:303)
at com.nopcommerce.util.Utility.takeScreenshot(Utility.java:23)
at com.nopcommerce.util.WebEventListner.onException(WebEventListner.java:125)
at jdk.internal.reflect.GeneratedMethodAccessor5.invoke(Unknown Source)
at java.base/jdk.internal.reflect.DelegatingMethodAccessorImpl.invoke(DelegatingMethodAccessorImpl.java:43)
at java.base/java.lang.reflect.Method.invoke(Method.java:568)
at org.openqa.selenium.support.events.EventFiringWebDriver.lambda$new$0(EventFiringWebDriver.java:85)
at jdk.proxy2/jdk.proxy2.$Proxy13.onException(Unknown Source)
at org.openqa.selenium.support.events.EventFiringWebDriver.lambda$new$1(EventFiringWebDriver.java:108)
at jdk.proxy2/jdk.proxy2.$Proxy14.getScreenshotAs(Unknown Source)
at org.openqa.selenium.support.events.EventFiringWebDriver.getScreenshotAs(EventFiringWebDriver.java:303)
at com.nopcommerce.util.Utility.takeScreenshot(Utility.java:23)
at com.nopcommerce.util.WebEventListner.onException(WebEventListner.java:125)
at jdk.internal.reflect.GeneratedMethodAccessor5.invoke(Unknown Source)
at java.base/jdk.internal.reflect.DelegatingMethodAccessorImpl.invoke(DelegatingMethodAccessorImpl.java:43)
at java.base/java.lang.reflect.Method.invoke(Method.java:568)
at org.openqa.selenium.support.events.EventFiringWebDriver.lambda$new$0(EventFiringWebDriver.java:85)
at jdk.proxy2/jdk.proxy2.$Proxy13.onException(Unknown Source)
at org.openqa.selenium.support.events.EventFiringWebDriver.lambda$new$1(EventFiringWebDriver.java:108)
at jdk.proxy2/jdk.proxy2.$Proxy14.getScreenshotAs(Unknown Source)
at org.openqa.selenium.support.events.EventFiringWebDriver.getScreenshotAs(EventFiringWebDriver.java:303)
at com.nopcommerce.util.Utility.takeScreenshot(Utility.java:23)
at com.nopcommerce.util.WebEventListner.onException(WebEventListner.java:125)
at jdk.internal.reflect.GeneratedMethodAccessor5.invoke(Unknown Source)
at java.base/jdk.internal.reflect.DelegatingMethodAccessorImpl.invoke(DelegatingMethodAccessorImpl.java:43)
at java.base/java.lang.reflect.Method.invoke(Method.java:568)
at org.openqa.selenium.support.events.EventFiringWebDriver.lambda$new$0(EventFiringWebDriver.java:85)
at jdk.proxy2/jdk.proxy2.$Proxy13.onException(Unknown Source)
at org.openqa.selenium.support.events.EventFiringWebDriver.lambda$new$1(EventFiringWebDriver.java:108)
at jdk.proxy2/jdk.proxy2.$Proxy14.getScreenshotAs(Unknown Source)
at org.openqa.selenium.support.events.EventFiringWebDriver.getScreenshotAs(EventFiringWebDriver.java:303)
at com.nopcommerce.util.Utility.takeScreenshot(Utility.java:23)
at com.nopcommerce.util.WebEventListner.onException(WebEventListner.java:125)
at jdk.internal.reflect.GeneratedMethodAccessor5.invoke(Unknown Source)
at java.base/jdk.internal.reflect.DelegatingMethodAccessorImpl.invoke(DelegatingMethodAccessorImpl.java:43)
at java.base/java.lang.reflect.Method.invoke(Method.java:568)
at org.openqa.selenium.support.events.EventFiringWebDriver.lambda$new$0(EventFiringWebDriver.java:85)
at jdk.proxy2/jdk.proxy2.$Proxy13.onException(Unknown Source)
at org.openqa.selenium.support.events.EventFiringWebDriver.lambda$new$1(EventFiringWebDriver.java:108)
at jdk.proxy2/jdk.proxy2.$Proxy14.getScreenshotAs(Unknown Source)
at org.openqa.selenium.support.events.EventFiringWebDriver.getScreenshotAs(EventFiringWebDriver.java:303)
at com.nopcommerce.util.Utility.takeScreenshot(Utility.java:23)
at com.nopcommerce.util.WebEventListner.onException(WebEventListner.java:125)
at jdk.internal.reflect.GeneratedMethodAccessor5.invoke(Unknown Source)
at java.base/jdk.internal.reflect.DelegatingMethodAccessorImpl.invoke(DelegatingMethodAccessorImpl.java:43)
at java.base/java.lang.reflect.Method.invoke(Method.java:568)
at org.openqa.selenium.support.events.EventFiringWebDriver.lambda$new$0(EventFiringWebDriver.java:85)
at jdk.proxy2/jdk.proxy2.$Proxy13.onException(Unknown Source)
at org.openqa.selenium.support.events.EventFiringWebDriver.lambda$new$1(EventFiringWebDriver.java:108)
at jdk.proxy2/jdk.proxy2.$Proxy14.getScreenshotAs(Unknown Source)
at org.openqa.selenium.support.events.EventFiringWebDriver.getScreenshotAs(EventFiringWebDriver.java:303)
at com.nopcommerce.util.Utility.takeScreenshot(Utility.java:23)
at com.nopcommerce.util.WebEventListner.onException(WebEventListner.java:125)
at jdk.internal.reflect.GeneratedMethodAccessor5.invoke(Unknown Source)
at java.base/jdk.internal.reflect.DelegatingMethodAccessorImpl.invoke(DelegatingMethodAccessorImpl.java:43)
at java.base/java.lang.reflect.Method.invoke(Method.java:568)
at org.openqa.selenium.support.events.EventFiringWebDriver.lambda$new$0(EventFiringWebDriver.java:85)
at jdk.proxy2/jdk.proxy2.$Proxy13.onException(Unknown Source)
at org.openqa.selenium.support.events.EventFiringWebDriver.lambda$new$1(EventFiringWebDriver.java:108)
at jdk.proxy2/jdk.proxy2.$Proxy14.getScreenshotAs(Unknown Source)
at org.openqa.selenium.support.events.EventFiringWebDriver.getScreenshotAs(EventFiringWebDriver.java:303)
at com.nopcommerce.util.Utility.takeScreenshot(Utility.java:23)
at com.nopcommerce.util.WebEventListner.onException(WebEventListner.java:125)
at jdk.internal.reflect.GeneratedMethodAccessor5.invoke(Unknown Source)
at java.base/jdk.internal.reflect.DelegatingMethodAccessorImpl.invoke(DelegatingMethodAccessorImpl.java:43)
at java.base/java.lang.reflect.Method.invoke(Method.java:568)
at org.openqa.selenium.support.events.EventFiringWebDriver.lambda$new$0(EventFiringWebDriver.java:85)
at jdk.proxy2/jdk.proxy2.$Proxy13.onException(Unknown Source)
at org.openqa.selenium.support.events.EventFiringWebDriver.lambda$new$1(EventFiringWebDriver.java:108)
at jdk.proxy2/jdk.proxy2.$Proxy14.getScreenshotAs(Unknown Source)
at org.openqa.selenium.support.events.EventFiringWebDriver.getScreenshotAs(EventFiringWebDriver.java:303)
at com.nopcommerce.util.Utility.takeScreenshot(Utility.java:23)
at com.nopcommerce.util.WebEventListner.onException(WebEventListner.java:125)
at jdk.internal.reflect.GeneratedMethodAccessor5.invoke(Unknown Source)
at java.base/jdk.internal.reflect.DelegatingMethodAccessorImpl.invoke(DelegatingMethodAccessorImpl.java:43)
at java.base/java.lang.reflect.Method.invoke(Method.java:568)
at org.openqa.selenium.support.events.EventFiringWebDriver.lambda$new$0(EventFiringWebDriver.java:85)
at jdk.proxy2/jdk.proxy2.$Proxy13.onException(Unknown Source)
at org.openqa.selenium.support.events.EventFiringWebDriver.lambda$new$1(EventFiringWebDriver.java:108)
at jdk.proxy2/jdk.proxy2.$Proxy14.getScreenshotAs(Unknown Source)
at org.openqa.selenium.support.events.EventFiringWebDriver.getScreenshotAs(EventFiringWebDriver.java:303)
at com.nopcommerce.util.Utility.takeScreenshot(Utility.java:23)
at com.nopcommerce.util.WebEventListner.onException(WebEventListner.java:125)
at jdk.internal.reflect.GeneratedMethodAccessor5.invoke(Unknown Source)
at java.base/jdk.internal.reflect.DelegatingMethodAccessorImpl.invoke(DelegatingMethodAccessorImpl.java:43)
at java.base/java.lang.reflect.Method.invoke(Method.java:568)
at org.openqa.selenium.support.events.EventFiringWebDriver.lambda$new$0(EventFiringWebDriver.java:85)
at jdk.proxy2/jdk.proxy2.$Proxy13.onException(Unknown Source)
at org.openqa.selenium.support.events.EventFiringWebDriver.lambda$new$1(EventFiringWebDriver.java:108)
at jdk.proxy2/jdk.proxy2.$Proxy14.getScreenshotAs(Unknown Source)
at org.openqa.selenium.support.events.EventFiringWebDriver.getScreenshotAs(EventFiringWebDriver.java:303)
at com.nopcommerce.util.Utility.takeScreenshot(Utility.java:23)
at com.nopcommerce.util.WebEventListner.onException(WebEventListner.java:125)
at jdk.internal.reflect.GeneratedMethodAccessor5.invoke(Unknown Source)
at java.base/jdk.internal.reflect.DelegatingMethodAccessorImpl.invoke(DelegatingMethodAccessorImpl.java:43)
at java.base/java.lang.reflect.Method.invoke(Method.java:568)
at org.openqa.selenium.support.events.EventFiringWebDriver.lambda$new$0(EventFiringWebDriver.java:85)
at jdk.proxy2/jdk.proxy2.$Proxy13.onException(Unknown Source)
at org.openqa.selenium.support.events.EventFiringWebDriver.lambda$new$1(EventFiringWebDriver.java:108)
at jdk.proxy2/jdk.proxy2.$Proxy14.getScreenshotAs(Unknown Source)
at org.openqa.selenium.support.events.EventFiringWebDriver.getScreenshotAs(EventFiringWebDriver.java:303)
at com.nopcommerce.util.Utility.takeScreenshot(Utility.java:23)
at com.nopcommerce.util.WebEventListner.onException(WebEventListner.java:125)
at jdk.internal.reflect.GeneratedMethodAccessor5.invoke(Unknown Source)
at java.base/jdk.internal.reflect.DelegatingMethodAccessorImpl.invoke(DelegatingMethodAccessorImpl.java:43)
at java.base/java.lang.reflect.Method.invoke(Method.java:568)
at org.openqa.selenium.support.events.EventFiringWebDriver.lambda$new$0(EventFiringWebDriver.java:85)
at jdk.proxy2/jdk.proxy2.$Proxy13.onException(Unknown Source)
at org.openqa.selenium.support.events.EventFiringWebDriver.lambda$new$1(EventFiringWebDriver.java:108)
at jdk.proxy2/jdk.proxy2.$Proxy14.getScreenshotAs(Unknown Source)
at org.openqa.selenium.support.events.EventFiringWebDriver.getScreenshotAs(EventFiringWebDriver.java:303)
at com.nopcommerce.util.Utility.takeScreenshot(Utility.java:23)
at com.nopcommerce.util.WebEventListner.onException(WebEventListner.java:125)
at jdk.internal.reflect.GeneratedMethodAccessor5.invoke(Unknown Source)
at java.base/jdk.internal.reflect.DelegatingMethodAccessorImpl.invoke(DelegatingMethodAccessorImpl.java:43)
at java.base/java.lang.reflect.Method.invoke(Method.java:568)
at org.openqa.selenium.support.events.EventFiringWebDriver.lambda$new$0(EventFiringWebDriver.java:85)
at jdk.proxy2/jdk.proxy2.$Proxy13.onException(Unknown Source)
at org.openqa.selenium.support.events.EventFiringWebDriver.lambda$new$1(EventFiringWebDriver.java:108)
at jdk.proxy2/jdk.proxy2.$Proxy14.getScreenshotAs(Unknown Source)
at org.openqa.selenium.support.events.EventFiringWebDriver.getScreenshotAs(EventFiringWebDriver.java:303)
at com.nopcommerce.util.Utility.takeScreenshot(Utility.java:23)
at com.nopcommerce.util.WebEventListner.onException(WebEventListner.java:125)
at jdk.internal.reflect.GeneratedMethodAccessor5.invoke(Unknown Source)
at java.base/jdk.internal.reflect.DelegatingMethodAccessorImpl.invoke(DelegatingMethodAccessorImpl.java:43)
at java.base/java.lang.reflect.Method.invoke(Method.java:568)
at org.openqa.selenium.support.events.EventFiringWebDriver.lambda$new$0(EventFiringWebDriver.java:85)
at jdk.proxy2/jdk.proxy2.$Proxy13.onException(Unknown Source)
at org.openqa.selenium.support.events.EventFiringWebDriver.lambda$new$1(EventFiringWebDriver.java:108)
at jdk.proxy2/jdk.proxy2.$Proxy14.getScreenshotAs(Unknown Source)
at org.openqa.selenium.support.events.EventFiringWebDriver.getScreenshotAs(EventFiringWebDriver.java:303)
at com.nopcommerce.util.Utility.takeScreenshot(Utility.java:23)
at com.nopcommerce.util.WebEventListner.onException(WebEventListner.java:125)
at jdk.internal.reflect.GeneratedMethodAccessor5.invoke(Unknown Source)
at java.base/jdk.internal.reflect.DelegatingMethodAccessorImpl.invoke(DelegatingMethodAccessorImpl.java:43)
at java.base/java.lang.reflect.Method.invoke(Method.java:568)
at org.openqa.selenium.support.events.EventFiringWebDriver.lambda$new$0(EventFiringWebDriver.java:85)
at jdk.proxy2/jdk.proxy2.$Proxy13.onException(Unknown Source)
at org.openqa.selenium.support.events.EventFiringWebDriver.lambda$new$1(EventFiringWebDriver.java:108)
at jdk.proxy2/jdk.proxy2.$Proxy14.getScreenshotAs(Unknown Source)
at org.openqa.selenium.support.events.EventFiringWebDriver.getScreenshotAs(EventFiringWebDriver.java:303)
at com.nopcommerce.util.Utility.takeScreenshot(Utility.java:23)
at com.nopcommerce.util.WebEventListner.onException(WebEventListner.java:125)
at jdk.internal.reflect.GeneratedMethodAccessor5.invoke(Unknown Source)
at java.base/jdk.internal.reflect.DelegatingMethodAccessorImpl.invoke(DelegatingMethodAccessorImpl.java:43)
at java.base/java.lang.reflect.Method.invoke(Method.java:568)
at org.openqa.selenium.support.events.EventFiringWebDriver.lambda$new$0(EventFiringWebDriver.java:85)
at jdk.proxy2/jdk.proxy2.$Proxy13.onException(Unknown Source)
at org.openqa.selenium.support.events.EventFiringWebDriver.lambda$new$1(EventFiringWebDriver.java:108)
at jdk.proxy2/jdk.proxy2.$Proxy14.getScreenshotAs(Unknown Source)
at org.openqa.selenium.support.events.EventFiringWebDriver.getScreenshotAs(EventFiringWebDriver.java:303)
at com.nopcommerce.util.Utility.takeScreenshot(Utility.java:23)
at com.nopcommerce.util.WebEventListner.onException(WebEventListner.java:125)
at jdk.internal.reflect.GeneratedMethodAccessor5.invoke(Unknown Source)
at java.base/jdk.internal.reflect.DelegatingMethodAccessorImpl.invoke(DelegatingMethodAccessorImpl.java:43)
at java.base/java.lang.reflect.Method.invoke(Method.java:568)
at org.openqa.selenium.support.events.EventFiringWebDriver.lambda$new$0(EventFiringWebDriver.java:85)
at jdk.proxy2/jdk.proxy2.$Proxy13.onException(Unknown Source)
at org.openqa.selenium.support.events.EventFiringWebDriver.lambda$new$1(EventFiringWebDriver.java:108)
at jdk.proxy2/jdk.proxy2.$Proxy14.getScreenshotAs(Unknown Source)
at org.openqa.selenium.support.events.EventFiringWebDriver.getScreenshotAs(EventFiringWebDriver.java:303)
at com.nopcommerce.util.Utility.takeScreenshot(Utility.java:23)
at com.nopcommerce.util.WebEventListner.onException(WebEventListner.java:125)
at jdk.internal.reflect.GeneratedMethodAccessor5.invoke(Unknown Source)
at java.base/jdk.internal.reflect.DelegatingMethodAccessorImpl.invoke(DelegatingMethodAccessorImpl.java:43)
at java.base/java.lang.reflect.Method.invoke(Method.java:568)
at org.openqa.selenium.support.events.EventFiringWebDriver.lambda$new$0(EventFiringWebDriver.java:85)
at jdk.proxy2/jdk.proxy2.$Proxy13.onException(Unknown Source)
at org.openqa.selenium.support.events.EventFiringWebDriver.lambda$new$1(EventFiringWebDriver.java:108)
at jdk.proxy2/jdk.proxy2.$Proxy14.getScreenshotAs(Unknown Source)
at org.openqa.selenium.support.events.EventFiringWebDriver.getScreenshotAs(EventFiringWebDriver.java:303)
at com.nopcommerce.util.Utility.takeScreenshot(Utility.java:23)
at com.nopcommerce.util.WebEventListner.onException(WebEventListner.java:125)
at jdk.internal.reflect.GeneratedMethodAccessor5.invoke(Unknown Source)
at java.base/jdk.internal.reflect.DelegatingMethodAccessorImpl.invoke(DelegatingMethodAccessorImpl.java:43)
at java.base/java.lang.reflect.Method.invoke(Method.java:568)
at org.openqa.selenium.support.events.EventFiringWebDriver.lambda$new$0(EventFiringWebDriver.java:85)
at jdk.proxy2/jdk.proxy2.$Proxy13.onException(Unknown Source)
at org.openqa.selenium.support.events.EventFiringWebDriver.lambda$new$1(EventFiringWebDriver.java:108)
at jdk.proxy2/jdk.proxy2.$Proxy14.getScreenshotAs(Unknown Source)
at org.openqa.selenium.support.events.EventFiringWebDriver.getScreenshotAs(EventFiringWebDriver.java:303)
at com.nopcommerce.util.Utility.takeScreenshot(Utility.java:23)
at com.nopcommerce.util.WebEventListner.onException(WebEventListner.java:125)
at jdk.internal.reflect.GeneratedMethodAccessor5.invoke(Unknown Source)
at java.base/jdk.internal.reflect.DelegatingMethodAccessorImpl.invoke(DelegatingMethodAccessorImpl.java:43)
at java.base/java.lang.reflect.Method.invoke(Method.java:568)
at org.openqa.selenium.support.events.EventFiringWebDriver.lambda$new$0(EventFiringWebDriver.java:85)
at jdk.proxy2/jdk.proxy2.$Proxy13.onException(Unknown Source)
at org.openqa.selenium.support.events.EventFiringWebDriver.lambda$new$1(EventFiringWebDriver.java:108)
at jdk.proxy2/jdk.proxy2.$Proxy14.getScreenshotAs(Unknown Source)
at org.openqa.selenium.support.events.EventFiringWebDriver.getScreenshotAs(EventFiringWebDriver.java:303)
at com.nopcommerce.util.Utility.takeScreenshot(Utility.java:23)
at com.nopcommerce.util.WebEventListner.onException(WebEventListner.java:125)
at jdk.internal.reflect.GeneratedMethodAccessor5.invoke(Unknown Source)
at java.base/jdk.internal.reflect.DelegatingMethodAccessorImpl.invoke(DelegatingMethodAccessorImpl.java:43)
at java.base/java.lang.reflect.Method.invoke(Method.java:568)
at org.openqa.selenium.support.events.EventFiringWebDriver.lambda$new$0(EventFiringWebDriver.java:85)
at jdk.proxy2/jdk.proxy2.$Proxy13.onException(Unknown Source)
at org.openqa.selenium.support.events.EventFiringWebDriver.lambda$new$1(EventFiringWebDriver.java:108)
at jdk.proxy2/jdk.proxy2.$Proxy14.getScreenshotAs(Unknown Source)
at org.openqa.selenium.support.events.EventFiringWebDriver.getScreenshotAs(EventFiringWebDriver.java:303)
at com.nopcommerce.util.Utility.takeScreenshot(Utility.java:23)
at com.nopcommerce.util.WebEventListner.onException(WebEventListner.java:125)
at jdk.internal.reflect.GeneratedMethodAccessor5.invoke(Unknown Source)
at java.base/jdk.internal.reflect.DelegatingMethodAccessorImpl.invoke(DelegatingMethodAccessorImpl.java:43)
at java.base/java.lang.reflect.Method.invoke(Method.java:568)
at org.openqa.selenium.support.events.EventFiringWebDriver.lambda$new$0(EventFiringWebDriver.java:85)
at jdk.proxy2/jdk.proxy2.$Proxy13.onException(Unknown Source)
at org.openqa.selenium.support.events.EventFiringWebDriver.lambda$new$1(EventFiringWebDriver.java:108)
at jdk.proxy2/jdk.proxy2.$Proxy14.getScreenshotAs(Unknown Source)
at org.openqa.selenium.support.events.EventFiringWebDriver.getScreenshotAs(EventFiringWebDriver.java:303)
at com.nopcommerce.util.Utility.takeScreenshot(Utility.java:23)
at com.nopcommerce.util.WebEventListner.onException(WebEventListner.java:125)
at jdk.internal.reflect.GeneratedMethodAccessor5.invoke(Unknown Source)
at java.base/jdk.internal.reflect.DelegatingMethodAccessorImpl.invoke(DelegatingMethodAccessorImpl.java:43)
at java.base/java.lang.reflect.Method.invoke(Method.java:568)
at org.openqa.selenium.support.events.EventFiringWebDriver.lambda$new$0(EventFiringWebDriver.java:85)
at jdk.proxy2/jdk.proxy2.$Proxy13.onException(Unknown Source)
at org.openqa.selenium.support.events.EventFiringWebDriver.lambda$new$1(EventFiringWebDriver.java:108)
at jdk.proxy2/jdk.proxy2.$Proxy14.getScreenshotAs(Unknown Source)
at org.openqa.selenium.support.events.EventFiringWebDriver.getScreenshotAs(EventFiringWebDriver.java:303)
at com.nopcommerce.util.Utility.takeScreenshot(Utility.java:23)
at com.nopcommerce.util.WebEventListner.onException(WebEventListner.java:125)
at jdk.internal.reflect.GeneratedMethodAccessor5.invoke(Unknown Source)
at java.base/jdk.internal.reflect.DelegatingMethodAccessorImpl.invoke(DelegatingMethodAccessorImpl.java:43)
at java.base/java.lang.reflect.Method.invoke(Method.java:568)
at org.openqa.selenium.support.events.EventFiringWebDriver.lambda$new$0(EventFiringWebDriver.java:85)
at jdk.proxy2/jdk.proxy2.$Proxy13.onException(Unknown Source)
at org.openqa.selenium.support.events.EventFiringWebDriver.lambda$new$1(EventFiringWebDriver.java:108)
at jdk.proxy2/jdk.proxy2.$Proxy14.getScreenshotAs(Unknown Source)
at org.openqa.selenium.support.events.EventFiringWebDriver.getScreenshotAs(EventFiringWebDriver.java:303)
at com.nopcommerce.util.Utility.takeScreenshot(Utility.java:23)
at com.nopcommerce.util.WebEventListner.onException(WebEventListner.java:125)
at jdk.internal.reflect.GeneratedMethodAccessor5.invoke(Unknown Source)
at java.base/jdk.internal.reflect.DelegatingMethodAccessorImpl.invoke(DelegatingMethodAccessorImpl.java:43)
at java.base/java.lang.reflect.Method.invoke(Method.java:568)
at org.openqa.selenium.support.events.EventFiringWebDriver.lambda$new$0(EventFiringWebDriver.java:85)
at jdk.proxy2/jdk.proxy2.$Proxy13.onException(Unknown Source)
at org.openqa.selenium.support.events.EventFiringWebDriver.lambda$new$1(EventFiringWebDriver.java:108)
at jdk.proxy2/jdk.proxy2.$Proxy14.getScreenshotAs(Unknown Source)
at org.openqa.selenium.support.events.EventFiringWebDriver.getScreenshotAs(EventFiringWebDriver.java:303)
at com.nopcommerce.util.Utility.takeScreenshot(Utility.java:23)
at com.nopcommerce.util.WebEventListner.onException(WebEventListner.java:125)
at jdk.internal.reflect.GeneratedMethodAccessor5.invoke(Unknown Source)
at java.base/jdk.internal.reflect.DelegatingMethodAccessorImpl.invoke(DelegatingMethodAccessorImpl.java:43)
at java.base/java.lang.reflect.Method.invoke(Method.java:568)
at org.openqa.selenium.support.events.EventFiringWebDriver.lambda$new$0(EventFiringWebDriver.java:85)
at jdk.proxy2/jdk.proxy2.$Proxy13.onException(Unknown Source)
at org.openqa.selenium.support.events.EventFiringWebDriver.lambda$new$1(EventFiringWebDriver.java:108)
at jdk.proxy2/jdk.proxy2.$Proxy14.getScreenshotAs(Unknown Source)
at org.openqa.selenium.support.events.EventFiringWebDriver.getScreenshotAs(EventFiringWebDriver.java:303)
at com.nopcommerce.util.Utility.takeScreenshot(Utility.java:23)
at com.nopcommerce.util.WebEventListner.onException(WebEventListner.java:125)
at jdk.internal.reflect.GeneratedMethodAccessor5.invoke(Unknown Source)
at java.base/jdk.internal.reflect.DelegatingMethodAccessorImpl.invoke(DelegatingMethodAccessorImpl.java:43)
at java.base/java.lang.reflect.Method.invoke(Method.java:568)
at org.openqa.selenium.support.events.EventFiringWebDriver.lambda$new$0(EventFiringWebDriver.java:85)
at jdk.proxy2/jdk.proxy2.$Proxy13.onException(Unknown Source)
at org.openqa.selenium.support.events.EventFiringWebDriver.lambda$new$1(EventFiringWebDriver.java:108)
at jdk.proxy2/jdk.proxy2.$Proxy14.getScreenshotAs(Unknown Source)
at org.openqa.selenium.support.events.EventFiringWebDriver.getScreenshotAs(EventFiringWebDriver.java:303)
at com.nopcommerce.util.Utility.takeScreenshot(Utility.java:23)
at com.nopcommerce.util.WebEventListner.onException(WebEventListner.java:125)
at jdk.internal.reflect.GeneratedMethodAccessor5.invoke(Unknown Source)
at java.base/jdk.internal.reflect.DelegatingMethodAccessorImpl.invoke(DelegatingMethodAccessorImpl.java:43)
at java.base/java.lang.reflect.Method.invoke(Method.java:568)
at org.openqa.selenium.support.events.EventFiringWebDriver.lambda$new$0(EventFiringWebDriver.java:85)
at jdk.proxy2/jdk.proxy2.$Proxy13.onException(Unknown Source)
at org.openqa.selenium.support.events.EventFiringWebDriver.lambda$new$1(EventFiringWebDriver.java:108)
at jdk.proxy2/jdk.proxy2.$Proxy14.getScreenshotAs(Unknown Source)
at org.openqa.selenium.support.events.EventFiringWebDriver.getScreenshotAs(EventFiringWebDriver.java:303)
at com.nopcommerce.util.Utility.takeScreenshot(Utility.java:23)
at com.nopcommerce.util.WebEventListner.onException(WebEventListner.java:125)
at jdk.internal.reflect.GeneratedMethodAccessor5.invoke(Unknown Source)
at java.base/jdk.internal.reflect.DelegatingMethodAccessorImpl.invoke(DelegatingMethodAccessorImpl.java:43)
at java.base/java.lang.reflect.Method.invoke(Method.java:568)
at org.openqa.selenium.support.events.EventFiringWebDriver.lambda$new$0(EventFiringWebDriver.java:85)
at jdk.proxy2/jdk.proxy2.$Proxy13.onException(Unknown Source)
at org.openqa.selenium.support.events.EventFiringWebDriver.lambda$new$1(EventFiringWebDriver.java:108)
at jdk.proxy2/jdk.proxy2.$Proxy14.getScreenshotAs(Unknown Source)
at org.openqa.selenium.support.events.EventFiringWebDriver.getScreenshotAs(EventFiringWebDriver.java:303)
at com.nopcommerce.util.Utility.takeScreenshot(Utility.java:23)
at com.nopcommerce.util.WebEventListner.onException(WebEventListner.java:125)
at jdk.internal.reflect.GeneratedMethodAccessor5.invoke(Unknown Source)
at java.base/jdk.internal.reflect.DelegatingMethodAccessorImpl.invoke(DelegatingMethodAccessorImpl.java:43)
at java.base/java.lang.reflect.Method.invoke(Method.java:568)
at org.openqa.selenium.support.events.EventFiringWebDriver.lambda$new$0(EventFiringWebDriver.java:85)
at jdk.proxy2/jdk.proxy2.$Proxy13.onException(Unknown Source)
at org.openqa.selenium.support.events.EventFiringWebDriver.lambda$new$1(EventFiringWebDriver.java:108)
at jdk.proxy2/jdk.proxy2.$Proxy14.getScreenshotAs(Unknown Source)
at org.openqa.selenium.support.events.EventFiringWebDriver.getScreenshotAs(EventFiringWebDriver.java:303)
at com.nopcommerce.util.Utility.takeScreenshot(Utility.java:23)
at com.nopcommerce.util.WebEventListner.onException(WebEventListner.java:125)
at jdk.internal.reflect.GeneratedMethodAccessor5.invoke(Unknown Source)
at java.base/jdk.internal.reflect.DelegatingMethodAccessorImpl.invoke(DelegatingMethodAccessorImpl.java:43)
at java.base/java.lang.reflect.Method.invoke(Method.java:568)
at org.openqa.selenium.support.events.EventFiringWebDriver.lambda$new$0(EventFiringWebDriver.java:85)
at jdk.proxy2/jdk.proxy2.$Proxy13.onException(Unknown Source)
at org.openqa.selenium.support.events.EventFiringWebDriver.lambda$new$1(EventFiringWebDriver.java:108)
at jdk.proxy2/jdk.proxy2.$Proxy14.getScreenshotAs(Unknown Source)
at org.openqa.selenium.support.events.EventFiringWebDriver.getScreenshotAs(EventFiringWebDriver.java:303)
at com.nopcommerce.util.Utility.takeScreenshot(Utility.java:23)
at com.nopcommerce.util.WebEventListner.onException(WebEventListner.java:125)
at jdk.internal.reflect.GeneratedMethodAccessor5.invoke(Unknown Source)
at java.base/jdk.internal.reflect.DelegatingMethodAccessorImpl.invoke(DelegatingMethodAccessorImpl.java:43)
at java.base/java.lang.reflect.Method.invoke(Method.java:568)
at org.openqa.selenium.support.events.EventFiringWebDriver.lambda$new$0(EventFiringWebDriver.java:85)
at jdk.proxy2/jdk.proxy2.$Proxy13.onException(Unknown Source)
at org.openqa.selenium.support.events.EventFiringWebDriver.lambda$new$1(EventFiringWebDriver.java:108)
at jdk.proxy2/jdk.proxy2.$Proxy14.getScreenshotAs(Unknown Source)
at org.openqa.selenium.support.events.EventFiringWebDriver.getScreenshotAs(EventFiringWebDriver.java:303)
at com.nopcommerce.util.Utility.takeScreenshot(Utility.java:23)
at com.nopcommerce.util.WebEventListner.onException(WebEventListner.java:125)
at jdk.internal.reflect.GeneratedMethodAccessor5.invoke(Unknown Source)
at java.base/jdk.internal.reflect.DelegatingMethodAccessorImpl.invoke(DelegatingMethodAccessorImpl.java:43)
at java.base/java.lang.reflect.Method.invoke(Method.java:568)
at org.openqa.selenium.support.events.EventFiringWebDriver.lambda$new$0(EventFiringWebDriver.java:85)
at jdk.proxy2/jdk.proxy2.$Proxy13.onException(Unknown Source)
at org.openqa.selenium.support.events.EventFiringWebDriver.lambda$new$1(EventFiringWebDriver.java:108)
at jdk.proxy2/jdk.proxy2.$Proxy14.getScreenshotAs(Unknown Source)
at org.openqa.selenium.support.events.EventFiringWebDriver.getScreenshotAs(EventFiringWebDriver.java:303)
at com.nopcommerce.util.Utility.takeScreenshot(Utility.java:23)
at com.nopcommerce.util.WebEventListner.onException(WebEventListner.java:125)
at jdk.internal.reflect.GeneratedMethodAccessor5.invoke(Unknown Source)
at java.base/jdk.internal.reflect.DelegatingMethodAccessorImpl.invoke(DelegatingMethodAccessorImpl.java:43)
at java.base/java.lang.reflect.Method.invoke(Method.java:568)
at org.openqa.selenium.support.events.EventFiringWebDriver.lambda$new$0(EventFiringWebDriver.java:85)
at jdk.proxy2/jdk.proxy2.$Proxy13.onException(Unknown Source)
at org.openqa.selenium.support.events.EventFiringWebDriver.lambda$new$1(EventFiringWebDriver.java:108)
at jdk.proxy2/jdk.proxy2.$Proxy14.getScreenshotAs(Unknown Source)
at org.openqa.selenium.support.events.EventFiringWebDriver.getScreenshotAs(EventFiringWebDriver.java:303)
at com.nopcommerce.util.Utility.takeScreenshot(Utility.java:23)
at com.nopcommerce.util.WebEventListner.onException(WebEventListner.java:125)
at jdk.internal.reflect.GeneratedMethodAccessor5.invoke(Unknown Source)
at java.base/jdk.internal.reflect.DelegatingMethodAccessorImpl.invoke(DelegatingMethodAccessorImpl.java:43)
at java.base/java.lang.reflect.Method.invoke(Method.java:568)
at org.openqa.selenium.support.events.EventFiringWebDriver.lambda$new$0(EventFiringWebDriver.java:85)
at jdk.proxy2/jdk.proxy2.$Proxy13.onException(Unknown Source)
at org.openqa.selenium.support.events.EventFiringWebDriver.lambda$new$1(EventFiringWebDriver.java:108)
at jdk.proxy2/jdk.proxy2.$Proxy14.getScreenshotAs(Unknown Source)
at org.openqa.selenium.support.events.EventFiringWebDriver.getScreenshotAs(EventFiringWebDriver.java:303)
at com.nopcommerce.util.Utility.takeScreenshot(Utility.java:23)
at com.nopcommerce.util.WebEventListner.onException(WebEventListner.java:125)
at jdk.internal.reflect.GeneratedMethodAccessor5.invoke(Unknown Source)
at java.base/jdk.internal.reflect.DelegatingMethodAccessorImpl.invoke(DelegatingMethodAccessorImpl.java:43)
at java.base/java.lang.reflect.Method.invoke(Method.java:568)
at org.openqa.selenium.support.events.EventFiringWebDriver.lambda$new$0(EventFiringWebDriver.java:85)
at jdk.proxy2/jdk.proxy2.$Proxy13.onException(Unknown Source)
at org.openqa.selenium.support.events.EventFiringWebDriver.lambda$new$1(EventFiringWebDriver.java:108)
at jdk.proxy2/jdk.proxy2.$Proxy14.getScreenshotAs(Unknown Source)
at org.openqa.selenium.support.events.EventFiringWebDriver.getScreenshotAs(EventFiringWebDriver.java:303)
at com.nopcommerce.util.Utility.takeScreenshot(Utility.java:23)
at com.nopcommerce.util.WebEventListner.onException(WebEventListner.java:125)
at jdk.internal.reflect.GeneratedMethodAccessor5.invoke(Unknown Source)
at java.base/jdk.internal.reflect.DelegatingMethodAccessorImpl.invoke(DelegatingMethodAccessorImpl.java:43)
at java.base/java.lang.reflect.Method.invoke(Method.java:568)
at org.openqa.selenium.support.events.EventFiringWebDriver.lambda$new$0(EventFiringWebDriver.java:85)
at jdk.proxy2/jdk.proxy2.$Proxy13.onException(Unknown Source)
at org.openqa.selenium.support.events.EventFiringWebDriver.lambda$new$1(EventFiringWebDriver.java:108)
at jdk.proxy2/jdk.proxy2.$Proxy14.getScreenshotAs(Unknown Source)
at org.openqa.selenium.support.events.EventFiringWebDriver.getScreenshotAs(EventFiringWebDriver.java:303)
at com.nopcommerce.util.Utility.takeScreenshot(Utility.java:23)
at com.nopcommerce.util.WebEventListner.onException(WebEventListner.java:125)
at jdk.internal.reflect.GeneratedMethodAccessor5.invoke(Unknown Source)
at java.base/jdk.internal.reflect.DelegatingMethodAccessorImpl.invoke(DelegatingMethodAccessorImpl.java:43)
at java.base/java.lang.reflect.Method.invoke(Method.java:568)
at org.openqa.selenium.support.events.EventFiringWebDriver.lambda$new$0(EventFiringWebDriver.java:85)
at jdk.proxy2/jdk.proxy2.$Proxy13.onException(Unknown Source)
at org.openqa.selenium.support.events.EventFiringWebDriver.lambda$new$1(EventFiringWebDriver.java:108)
at jdk.proxy2/jdk.proxy2.$Proxy14.getScreenshotAs(Unknown Source)
at org.openqa.selenium.support.events.EventFiringWebDriver.getScreenshotAs(EventFiringWebDriver.java:303)
at com.nopcommerce.util.Utility.takeScreenshot(Utility.java:23)
at com.nopcommerce.util.WebEventListner.onException(WebEventListner.java:125)
at jdk.internal.reflect.GeneratedMethodAccessor5.invoke(Unknown Source)
at java.base/jdk.internal.reflect.DelegatingMethodAccessorImpl.invoke(DelegatingMethodAccessorImpl.java:43)
at java.base/java.lang.reflect.Method.invoke(Method.java:568)
at org.openqa.selenium.support.events.EventFiringWebDriver.lambda$new$0(EventFiringWebDriver.java:85)
at jdk.proxy2/jdk.proxy2.$Proxy13.onException(Unknown Source)
at org.openqa.selenium.support.events.EventFiringWebDriver.lambda$new$1(EventFiringWebDriver.java:108)
at jdk.proxy2/jdk.proxy2.$Proxy14.getScreenshotAs(Unknown Source)
at org.openqa.selenium.support.events.EventFiringWebDriver.getScreenshotAs(EventFiringWebDriver.java:303)
at com.nopcommerce.util.Utility.takeScreenshot(Utility.java:23)
at com.nopcommerce.util.WebEventListner.onException(WebEventListner.java:125)
at jdk.internal.reflect.GeneratedMethodAccessor5.invoke(Unknown Source)
at java.base/jdk.internal.reflect.DelegatingMethodAccessorImpl.invoke(DelegatingMethodAccessorImpl.java:43)
at java.base/java.lang.reflect.Method.invoke(Method.java:568)
at org.openqa.selenium.support.events.EventFiringWebDriver.lambda$new$0(EventFiringWebDriver.java:85)
at jdk.proxy2/jdk.proxy2.$Proxy13.onException(Unknown Source)
at org.openqa.selenium.support.events.EventFiringWebDriver.lambda$new$1(EventFiringWebDriver.java:108)
at jdk.proxy2/jdk.proxy2.$Proxy14.getScreenshotAs(Unknown Source)
at org.openqa.selenium.support.events.EventFiringWebDriver.getScreenshotAs(EventFiringWebDriver.java:303)
at com.nopcommerce.util.Utility.takeScreenshot(Utility.java:23)
at com.nopcommerce.util.WebEventListner.onException(WebEventListner.java:125)
at jdk.internal.reflect.GeneratedMethodAccessor5.invoke(Unknown Source)
at java.base/jdk.internal.reflect.DelegatingMethodAccessorImpl.invoke(DelegatingMethodAccessorImpl.java:43)
at java.base/java.lang.reflect.Method.invoke(Method.java:568)
at org.openqa.selenium.support.events.EventFiringWebDriver.lambda$new$0(EventFiringWebDriver.java:85)
at jdk.proxy2/jdk.proxy2.$Proxy13.onException(Unknown Source)
at org.openqa.selenium.support.events.EventFiringWebDriver.lambda$new$1(EventFiringWebDriver.java:108)
at jdk.proxy2/jdk.proxy2.$Proxy14.getScreenshotAs(Unknown Source)
at org.openqa.selenium.support.events.EventFiringWebDriver.getScreenshotAs(EventFiringWebDriver.java:303)
at com.nopcommerce.util.Utility.takeScreenshot(Utility.java:23)
at com.nopcommerce.util.WebEventListner.onException(WebEventListner.java:125)
at jdk.internal.reflect.GeneratedMethodAccessor5.invoke(Unknown Source)
at java.base/jdk.internal.reflect.DelegatingMethodAccessorImpl.invoke(DelegatingMethodAccessorImpl.java:43)
at java.base/java.lang.reflect.Method.invoke(Method.java:568)
at org.openqa.selenium.support.events.EventFiringWebDriver.lambda$new$0(EventFiringWebDriver.java:85)
at jdk.proxy2/jdk.proxy2.$Proxy13.onException(Unknown Source)
at org.openqa.selenium.support.events.EventFiringWebDriver.lambda$new$1(EventFiringWebDriver.java:108)
at jdk.proxy2/jdk.proxy2.$Proxy14.getScreenshotAs(Unknown Source)
at org.openqa.selenium.support.events.EventFiringWebDriver.getScreenshotAs(EventFiringWebDriver.java:303)
at com.nopcommerce.util.Utility.takeScreenshot(Utility.java:23)
at com.nopcommerce.util.WebEventListner.onException(WebEventListner.java:125)
at jdk.internal.reflect.GeneratedMethodAccessor5.invoke(Unknown Source)
at java.base/jdk.internal.reflect.DelegatingMethodAccessorImpl.invoke(DelegatingMethodAccessorImpl.java:43)
at java.base/java.lang.reflect.Method.invoke(Method.java:568)
at org.openqa.selenium.support.events.EventFiringWebDriver.lambda$new$0(EventFiringWebDriver.java:85)
at jdk.proxy2/jdk.proxy2.$Proxy13.onException(Unknown Source)
at org.openqa.selenium.support.events.EventFiringWebDriver.lambda$new$1(EventFiringWebDriver.java:108)
at jdk.proxy2/jdk.proxy2.$Proxy14.getScreenshotAs(Unknown Source)
at org.openqa.selenium.support.events.EventFiringWebDriver.getScreenshotAs(EventFiringWebDriver.java:303)
at com.nopcommerce.util.Utility.takeScreenshot(Utility.java:23)
at com.nopcommerce.util.WebEventListner.onException(WebEventListner.java:125)
at jdk.internal.reflect.GeneratedMethodAccessor5.invoke(Unknown Source)
at java.base/jdk.internal.reflect.DelegatingMethodAccessorImpl.invoke(DelegatingMethodAccessorImpl.java:43)
at java.base/java.lang.reflect.Method.invoke(Method.java:568)
at org.openqa.selenium.support.events.EventFiringWebDriver.lambda$new$0(EventFiringWebDriver.java:85)
at jdk.proxy2/jdk.proxy2.$Proxy13.onException(Unknown Source)
at org.openqa.selenium.support.events.EventFiringWebDriver.lambda$new$1(EventFiringWebDriver.java:108)
at jdk.proxy2/jdk.proxy2.$Proxy14.getScreenshotAs(Unknown Source)
at org.openqa.selenium.support.events.EventFiringWebDriver.getScreenshotAs(EventFiringWebDriver.java:303)
at com.nopcommerce.util.Utility.takeScreenshot(Utility.java:23)
at com.nopcommerce.util.WebEventListner.onException(WebEventListner.java:125)
at jdk.internal.reflect.GeneratedMethodAccessor5.invoke(Unknown Source)
at java.base/jdk.internal.reflect.DelegatingMethodAccessorImpl.invoke(DelegatingMethodAccessorImpl.java:43)
at java.base/java.lang.reflect.Method.invoke(Method.java:568)
at org.openqa.selenium.support.events.EventFiringWebDriver.lambda$new$0(EventFiringWebDriver.java:85)
at jdk.proxy2/jdk.proxy2.$Proxy13.onException(Unknown Source)
at org.openqa.selenium.support.events.EventFiringWebDriver.lambda$new$1(EventFiringWebDriver.java:108)
at jdk.proxy2/jdk.proxy2.$Proxy14.getScreenshotAs(Unknown Source)
at org.openqa.selenium.support.events.EventFiringWebDriver.getScreenshotAs(EventFiringWebDriver.java:303)
at com.nopcommerce.util.Utility.takeScreenshot(Utility.java:23)
at com.nopcommerce.util.WebEventListner.onException(WebEventListner.java:125)
at jdk.internal.reflect.GeneratedMethodAccessor5.invoke(Unknown Source)
at java.base/jdk.internal.reflect.DelegatingMethodAccessorImpl.invoke(DelegatingMethodAccessorImpl.java:43)
at java.base/java.lang.reflect.Method.invoke(Method.java:568)
at org.openqa.selenium.support.events.EventFiringWebDriver.lambda$new$0(EventFiringWebDriver.java:85)
at jdk.proxy2/jdk.proxy2.$Proxy13.onException(Unknown Source)
at org.openqa.selenium.support.events.EventFiringWebDriver.lambda$new$1(EventFiringWebDriver.java:108)
at jdk.proxy2/jdk.proxy2.$Proxy14.getScreenshotAs(Unknown Source)
at org.openqa.selenium.support.events.EventFiringWebDriver.getScreenshotAs(EventFiringWebDriver.java:303)
at com.nopcommerce.util.Utility.takeScreenshot(Utility.java:23)
at com.nopcommerce.util.WebEventListner.onException(WebEventListner.java:125)
at jdk.internal.reflect.GeneratedMethodAccessor5.invoke(Unknown Source)
at java.base/jdk.internal.reflect.DelegatingMethodAccessorImpl.invoke(DelegatingMethodAccessorImpl.java:43)
at java.base/java.lang.reflect.Method.invoke(Method.java:568)
at org.openqa.selenium.support.events.EventFiringWebDriver.lambda$new$0(EventFiringWebDriver.java:85)
at jdk.proxy2/jdk.proxy2.$Proxy13.onException(Unknown Source)
at org.openqa.selenium.support.events.EventFiringWebDriver.lambda$new$1(EventFiringWebDriver.java:108)
at jdk.proxy2/jdk.proxy2.$Proxy14.getScreenshotAs(Unknown Source)
at org.openqa.selenium.support.events.EventFiringWebDriver.getScreenshotAs(EventFiringWebDriver.java:303)
at com.nopcommerce.util.Utility.takeScreenshot(Utility.java:23)
at com.nopcommerce.util.WebEventListner.onException(WebEventListner.java:125)
at jdk.internal.reflect.GeneratedMethodAccessor5.invoke(Unknown Source)
at java.base/jdk.internal.reflect.DelegatingMethodAccessorImpl.invoke(DelegatingMethodAccessorImpl.java:43)
at java.base/java.lang.reflect.Method.invoke(Method.java:568)
at org.openqa.selenium.support.events.EventFiringWebDriver.lambda$new$0(EventFiringWebDriver.java:85)
at jdk.proxy2/jdk.proxy2.$Proxy13.onException(Unknown Source)
at org.openqa.selenium.support.events.EventFiringWebDriver.lambda$new$1(EventFiringWebDriver.java:108)
at jdk.proxy2/jdk.proxy2.$Proxy14.getScreenshotAs(Unknown Source)
at org.openqa.selenium.support.events.EventFiringWebDriver.getScreenshotAs(EventFiringWebDriver.java:303)
at com.nopcommerce.util.Utility.takeScreenshot(Utility.java:23)
at com.nopcommerce.util.WebEventListner.onException(WebEventListner.java:125)
at jdk.internal.reflect.GeneratedMethodAccessor5.invoke(Unknown Source)
at java.base/jdk.internal.reflect.DelegatingMethodAccessorImpl.invoke(DelegatingMethodAccessorImpl.java:43)
at java.base/java.lang.reflect.Method.invoke(Method.java:568)
at org.openqa.selenium.support.events.EventFiringWebDriver.lambda$new$0(EventFiringWebDriver.java:85)
at jdk.proxy2/jdk.proxy2.$Proxy13.onException(Unknown Source)
at org.openqa.selenium.support.events.EventFiringWebDriver.lambda$new$1(EventFiringWebDriver.java:108)
at jdk.proxy2/jdk.proxy2.$Proxy14.getScreenshotAs(Unknown Source)
at org.openqa.selenium.support.events.EventFiringWebDriver.getScreenshotAs(EventFiringWebDriver.java:303)
at com.nopcommerce.util.Utility.takeScreenshot(Utility.java:23)
at com.nopcommerce.util.WebEventListner.onException(WebEventListner.java:125)
at jdk.internal.reflect.GeneratedMethodAccessor5.invoke(Unknown Source)
at java.base/jdk.internal.reflect.DelegatingMethodAccessorImpl.invoke(DelegatingMethodAccessorImpl.java:43)
at java.base/java.lang.reflect.Method.invoke(Method.java:568)
at org.openqa.selenium.support.events.EventFiringWebDriver.lambda$new$0(EventFiringWebDriver.java:85)
at jdk.proxy2/jdk.proxy2.$Proxy13.onException(Unknown Source)
at org.openqa.selenium.support.events.EventFiringWebDriver.lambda$new$1(EventFiringWebDriver.java:108)
at jdk.proxy2/jdk.proxy2.$Proxy14.getScreenshotAs(Unknown Source)
at org.openqa.selenium.support.events.EventFiringWebDriver.getScreenshotAs(EventFiringWebDriver.java:303)
at com.nopcommerce.util.Utility.takeScreenshot(Utility.java:23)
at com.nopcommerce.util.WebEventListner.onException(WebEventListner.java:125)
at jdk.internal.reflect.GeneratedMethodAccessor5.invoke(Unknown Source)
at java.base/jdk.internal.reflect.DelegatingMethodAccessorImpl.invoke(DelegatingMethodAccessorImpl.java:43)
at java.base/java.lang.reflect.Method.invoke(Method.java:568)
at org.openqa.selenium.support.events.EventFiringWebDriver.lambda$new$0(EventFiringWebDriver.java:85)
at jdk.proxy2/jdk.proxy2.$Proxy13.onException(Unknown Source)
at org.openqa.selenium.support.events.EventFiringWebDriver.lambda$new$1(EventFiringWebDriver.java:108)
at jdk.proxy2/jdk.proxy2.$Proxy14.getScreenshotAs(Unknown Source)
at org.openqa.selenium.support.events.EventFiringWebDriver.getScreenshotAs(EventFiringWebDriver.java:303)
at com.nopcommerce.util.Utility.takeScreenshot(Utility.java:23)
at com.nopcommerce.util.WebEventListner.onException(WebEventListner.java:125)
at jdk.internal.reflect.GeneratedMethodAccessor5.invoke(Unknown Source)
at java.base/jdk.internal.reflect.DelegatingMethodAccessorImpl.invoke(DelegatingMethodAccessorImpl.java:43)
at java.base/java.lang.reflect.Method.invoke(Method.java:568)
at org.openqa.selenium.support.events.EventFiringWebDriver.lambda$new$0(EventFiringWebDriver.java:85)
at jdk.proxy2/jdk.proxy2.$Proxy13.onException(Unknown Source)
at org.openqa.selenium.support.events.EventFiringWebDriver.lambda$new$1(EventFiringWebDriver.java:108)
at jdk.proxy2/jdk.proxy2.$Proxy14.getScreenshotAs(Unknown Source)
at org.openqa.selenium.support.events.EventFiringWebDriver.getScreenshotAs(EventFiringWebDriver.java:303)
at com.nopcommerce.util.Utility.takeScreenshot(Utility.java:23)
at com.nopcommerce.util.WebEventListner.onException(WebEventListner.java:125)
at jdk.internal.reflect.GeneratedMethodAccessor5.invoke(Unknown Source)
at java.base/jdk.internal.reflect.DelegatingMethodAccessorImpl.invoke(DelegatingMethodAccessorImpl.java:43)
at java.base/java.lang.reflect.Method.invoke(Method.java:568)
at org.openqa.selenium.support.events.EventFiringWebDriver.lambda$new$0(EventFiringWebDriver.java:85)
at jdk.proxy2/jdk.proxy2.$Proxy13.onException(Unknown Source)
at org.openqa.selenium.support.events.EventFiringWebDriver.lambda$new$1(EventFiringWebDriver.java:108)
at jdk.proxy2/jdk.proxy2.$Proxy14.getScreenshotAs(Unknown Source)
at org.openqa.selenium.support.events.EventFiringWebDriver.getScreenshotAs(EventFiringWebDriver.java:303)
at com.nopcommerce.util.Utility.takeScreenshot(Utility.java:23)
at com.nopcommerce.util.WebEventListner.onException(WebEventListner.java:125)
at jdk.internal.reflect.GeneratedMethodAccessor5.invoke(Unknown Source)
at java.base/jdk.internal.reflect.DelegatingMethodAccessorImpl.invoke(DelegatingMethodAccessorImpl.java:43)
at java.base/java.lang.reflect.Method.invoke(Method.java:568)
at org.openqa.selenium.support.events.EventFiringWebDriver.lambda$new$0(EventFiringWebDriver.java:85)
at jdk.proxy2/jdk.proxy2.$Proxy13.onException(Unknown Source)
at org.openqa.selenium.support.events.EventFiringWebDriver.lambda$new$1(EventFiringWebDriver.java:108)
at jdk.proxy2/jdk.proxy2.$Proxy14.getScreenshotAs(Unknown Source)
at org.openqa.selenium.support.events.EventFiringWebDriver.getScreenshotAs(EventFiringWebDriver.java:303)
at com.nopcommerce.util.Utility.takeScreenshot(Utility.java:23)
at com.nopcommerce.util.WebEventListner.onException(WebEventListner.java:125)
at jdk.internal.reflect.GeneratedMethodAccessor5.invoke(Unknown Source)
at java.base/jdk.internal.reflect.DelegatingMethodAccessorImpl.invoke(DelegatingMethodAccessorImpl.java:43)
at java.base/java.lang.reflect.Method.invoke(Method.java:568)
at org.openqa.selenium.support.events.EventFiringWebDriver.lambda$new$0(EventFiringWebDriver.java:85)
at jdk.proxy2/jdk.proxy2.$Proxy13.onException(Unknown Source)
at org.openqa.selenium.support.events.EventFiringWebDriver.lambda$new$1(EventFiringWebDriver.java:108)
at jdk.proxy2/jdk.proxy2.$Proxy14.getScreenshotAs(Unknown Source)
at org.openqa.selenium.support.events.EventFiringWebDriver.getScreenshotAs(EventFiringWebDriver.java:303)
at com.nopcommerce.util.Utility.takeScreenshot(Utility.java:23)
at com.nopcommerce.util.WebEventListner.onException(WebEventListner.java:125)
at jdk.internal.reflect.GeneratedMethodAccessor5.invoke(Unknown Source)
at java.base/jdk.internal.reflect.DelegatingMethodAccessorImpl.invoke(DelegatingMethodAccessorImpl.java:43)
at java.base/java.lang.reflect.Method.invoke(Method.java:568)
at org.openqa.selenium.support.events.EventFiringWebDriver.lambda$new$0(EventFiringWebDriver.java:85)
at jdk.proxy2/jdk.proxy2.$Proxy13.onException(Unknown Source)
at org.openqa.selenium.support.events.EventFiringWebDriver.lambda$new$1(EventFiringWebDriver.java:108)
at jdk.proxy2/jdk.proxy2.$Proxy14.getScreenshotAs(Unknown Source)
at org.openqa.selenium.support.events.EventFiringWebDriver.getScreenshotAs(EventFiringWebDriver.java:303)
at com.nopcommerce.util.Utility.takeScreenshot(Utility.java:23)
at com.nopcommerce.util.WebEventListner.onException(WebEventListner.java:125)
at jdk.internal.reflect.GeneratedMethodAccessor5.invoke(Unknown Source)
at java.base/jdk.internal.reflect.DelegatingMethodAccessorImpl.invoke(DelegatingMethodAccessorImpl.java:43)
at java.base/java.lang.reflect.Method.invoke(Method.java:568)
at org.openqa.selenium.support.events.EventFiringWebDriver.lambda$new$0(EventFiringWebDriver.java:85)
at jdk.proxy2/jdk.proxy2.$Proxy13.onException(Unknown Source)
at org.openqa.selenium.support.events.EventFiringWebDriver.lambda$new$1(EventFiringWebDriver.java:108)
at jdk.proxy2/jdk.proxy2.$Proxy14.getScreenshotAs(Unknown Source)
at org.openqa.selenium.support.events.EventFiringWebDriver.getScreenshotAs(EventFiringWebDriver.java:303)
at com.nopcommerce.util.Utility.takeScreenshot(Utility.java:23)
at com.nopcommerce.util.WebEventListner.onException(WebEventListner.java:125)
at jdk.internal.reflect.GeneratedMethodAccessor5.invoke(Unknown Source)
at java.base/jdk.internal.reflect.DelegatingMethodAccessorImpl.invoke(DelegatingMethodAccessorImpl.java:43)
at java.base/java.lang.reflect.Method.invoke(Method.java:568)
at org.openqa.selenium.support.events.EventFiringWebDriver.lambda$new$0(EventFiringWebDriver.java:85)
at jdk.proxy2/jdk.proxy2.$Proxy13.onException(Unknown Source)
at org.openqa.selenium.support.events.EventFiringWebDriver.lambda$new$1(EventFiringWebDriver.java:108)
at jdk.proxy2/jdk.proxy2.$Proxy14.getScreenshotAs(Unknown Source)
at org.openqa.selenium.support.events.EventFiringWebDriver.getScreenshotAs(EventFiringWebDriver.java:303)
at com.nopcommerce.util.Utility.takeScreenshot(Utility.java:23)
at com.nopcommerce.util.WebEventListner.onException(WebEventListner.java:125)
at jdk.internal.reflect.GeneratedMethodAccessor5.invoke(Unknown Source)
at java.base/jdk.internal.reflect.DelegatingMethodAccessorImpl.invoke(DelegatingMethodAccessorImpl.java:43)
at java.base/java.lang.reflect.Method.invoke(Method.java:568)
at org.openqa.selenium.support.events.EventFiringWebDriver.lambda$new$0(EventFiringWebDriver.java:85)
at jdk.proxy2/jdk.proxy2.$Proxy13.onException(Unknown Source)
at org.openqa.selenium.support.events.EventFiringWebDriver.lambda$new$1(EventFiringWebDriver.java:108)
at jdk.proxy2/jdk.proxy2.$Proxy14.getScreenshotAs(Unknown Source)
at org.openqa.selenium.support.events.EventFiringWebDriver.getScreenshotAs(EventFiringWebDriver.java:303)
at com.nopcommerce.util.Utility.takeScreenshot(Utility.java:23)
at com.nopcommerce.util.WebEventListner.onException(WebEventListner.java:125)
at jdk.internal.reflect.GeneratedMethodAccessor5.invoke(Unknown Source)
at java.base/jdk.internal.reflect.DelegatingMethodAccessorImpl.invoke(DelegatingMethodAccessorImpl.java:43)
at java.base/java.lang.reflect.Method.invoke(Method.java:568)
at org.openqa.selenium.support.events.EventFiringWebDriver.lambda$new$0(EventFiringWebDriver.java:85)
at jdk.proxy2/jdk.proxy2.$Proxy13.onException(Unknown Source)
at org.openqa.selenium.support.events.EventFiringWebDriver.lambda$new$1(EventFiringWebDriver.java:108)
at jdk.proxy2/jdk.proxy2.$Proxy14.getScreenshotAs(Unknown Source)
at org.openqa.selenium.support.events.EventFiringWebDriver.getScreenshotAs(EventFiringWebDriver.java:303)
at com.nopcommerce.util.Utility.takeScreenshot(Utility.java:23)
at com.nopcommerce.util.WebEventListner.onException(WebEventListner.java:125)
at jdk.internal.reflect.GeneratedMethodAccessor5.invoke(Unknown Source)
at java.base/jdk.internal.reflect.DelegatingMethodAccessorImpl.invoke(DelegatingMethodAccessorImpl.java:43)
at java.base/java.lang.reflect.Method.invoke(Method.java:568)
at org.openqa.selenium.support.events.EventFiringWebDriver.lambda$new$0(EventFiringWebDriver.java:85)
at jdk.proxy2/jdk.proxy2.$Proxy13.onException(Unknown Source)
at org.openqa.selenium.support.events.EventFiringWebDriver.lambda$new$1(EventFiringWebDriver.java:108)
at jdk.proxy2/jdk.proxy2.$Proxy14.getScreenshotAs(Unknown Source)
at org.openqa.selenium.support.events.EventFiringWebDriver.getScreenshotAs(EventFiringWebDriver.java:303)
at com.nopcommerce.util.Utility.takeScreenshot(Utility.java:23)
at com.nopcommerce.util.WebEventListner.onException(WebEventListner.java:125)
]]>
    </error>
  </testcase> <!-- verifyRegistration -->
  <system-out/>
</testsuite> <!-- com.nopcommerce.testCases.RegisterPageTest -->
