<?xml version="1.0" encoding="UTF-8"?>
<!-- Generated by org.testng.reporters.JUnitReportReporter -->
<testsuite hostname="Administrator" failures="0" tests="3" name="com.nopcommerce.testCases.HomePageTest" time="1.981" errors="0" timestamp="2023-02-02T20:36:23 IST" skipped="0">
  <testcase classname="com.nopcommerce.testCases.HomePageTest" name="HomePageTitleTest" time="0.016"/>
  <system-out/>
  <testcase classname="com.nopcommerce.testCases.HomePageTest" name="homePageLogo" time="0.039"/>
  <system-out/>
  <testcase classname="com.nopcommerce.testCases.HomePageTest" name="registerBut" time="1.926"/>
  <system-out/>
</testsuite> <!-- com.nopcommerce.testCases.HomePageTest -->
